This is XeTeX, Version 3.141592653-2.6-0.999995 (TeX Live 2023) (preloaded format=xelatex 2023.6.30)  24 JAN 2025 13:37
entering extended mode
 restricted \write18 enabled.
 file:line:error style messages enabled.
 %&-line parsing enabled.
**Computer-Graphics-Book.tex
(./Computer-Graphics-Book.tex
LaTeX2e <2023-06-01> patch level 1
L3 programming layer <2023-06-16>

LaTeX Warning: \include should only be used after \begin{document} on input line 1.

(./preamble.tex (/usr/local/texlive/2023/texmf-dist/tex/latex/base/book.cls
Document Class: book 2023/05/17 v1.4n Standard LaTeX document class
(/usr/local/texlive/2023/texmf-dist/tex/latex/base/bk11.clo
File: bk11.clo 2023/05/17 v1.4n Standard LaTeX file (size option)
)
\c@part=\count181
\c@chapter=\count182
\c@section=\count183
\c@subsection=\count184
\c@subsubsection=\count185
\c@paragraph=\count186
\c@subparagraph=\count187
\c@figure=\count188
\c@table=\count189
\abovecaptionskip=\skip48
\belowcaptionskip=\skip49
\bibindent=\dimen140
) (/usr/local/texlive/2023/texmf-dist/tex/latex/geometry/geometry.sty
Package: geometry 2020/01/02 v5.9 Page Geometry
 (/usr/local/texlive/2023/texmf-dist/tex/latex/graphics/keyval.sty
Package: keyval 2022/05/29 v1.15 key=value parser (DPC)
\KV@toks@=\toks17
) (/usr/local/texlive/2023/texmf-dist/tex/generic/iftex/ifvtex.sty
Package: ifvtex 2019/10/25 v1.7 ifvtex legacy package. Use iftex instead.
 (/usr/local/texlive/2023/texmf-dist/tex/generic/iftex/iftex.sty
Package: iftex 2022/02/03 v1.0f TeX engine tests
))
\Gm@cnth=\count190
\Gm@cntv=\count191
\c@Gm@tempcnt=\count192
\Gm@bindingoffset=\dimen141
\Gm@wd@mp=\dimen142
\Gm@odd@mp=\dimen143
\Gm@even@mp=\dimen144
\Gm@layoutwidth=\dimen145
\Gm@layoutheight=\dimen146
\Gm@layouthoffset=\dimen147
\Gm@layoutvoffset=\dimen148
\Gm@dimlist=\toks18
) (/usr/local/texlive/2023/texmf-dist/tex/latex/fontspec/fontspec.sty (/usr/local/texlive/2023/texmf-dist/tex/latex/l3packages/xparse/xparse.sty (/usr/local/texlive/2023/texmf-dist/tex/latex/l3kernel/expl3.sty
Package: expl3 2023-06-16 L3 programming layer (loader) 
 (/usr/local/texlive/2023/texmf-dist/tex/latex/l3backend/l3backend-xetex.def
File: l3backend-xetex.def 2023-04-19 L3 backend support: XeTeX
\g__graphics_track_int=\count193
\l__pdf_internal_box=\box51
\g__pdf_backend_object_int=\count194
\g__pdf_backend_annotation_int=\count195
\g__pdf_backend_link_int=\count196
))
Package: xparse 2023-02-02 L3 Experimental document command parser
)
Package: fontspec 2022/01/15 v2.8a Font selection for XeLaTeX and LuaLaTeX
 (/usr/local/texlive/2023/texmf-dist/tex/latex/fontspec/fontspec-xetex.sty
Package: fontspec-xetex 2022/01/15 v2.8a Font selection for XeLaTeX and LuaLaTeX
\l__fontspec_script_int=\count197
\l__fontspec_language_int=\count198
\l__fontspec_strnum_int=\count199
\l__fontspec_tmp_int=\count266
\l__fontspec_tmpa_int=\count267
\l__fontspec_tmpb_int=\count268
\l__fontspec_tmpc_int=\count269
\l__fontspec_em_int=\count270
\l__fontspec_emdef_int=\count271
\l__fontspec_strong_int=\count272
\l__fontspec_strongdef_int=\count273
\l__fontspec_tmpa_dim=\dimen149
\l__fontspec_tmpb_dim=\dimen150
\l__fontspec_tmpc_dim=\dimen151
 (/usr/local/texlive/2023/texmf-dist/tex/latex/base/fontenc.sty
Package: fontenc 2021/04/29 v2.0v Standard LaTeX package
) (/usr/local/texlive/2023/texmf-dist/tex/latex/fontspec/fontspec.cfg))) (/usr/local/texlive/2023/texmf-dist/tex/xelatex/xltxtra/xltxtra.sty
Package: xltxtra 2018/12/31 v0.7 Improvements for the "XeLaTeX" format
 (/usr/local/texlive/2023/texmf-dist/tex/generic/iftex/ifluatex.sty
Package: ifluatex 2019/10/25 v1.5 ifluatex legacy package. Use iftex instead.
) (/usr/local/texlive/2023/texmf-dist/tex/generic/iftex/ifxetex.sty
Package: ifxetex 2019/10/25 v0.7 ifxetex legacy package. Use iftex instead.
) (/usr/local/texlive/2023/texmf-dist/tex/latex/realscripts/realscripts.sty
Package: realscripts 2016/02/13 v0.3d Access OpenType subscripts and superscripts
\subsupersep=\dimen152
) (/usr/local/texlive/2023/texmf-dist/tex/latex/metalogo/metalogo.sty
Package: metalogo 2010/05/29 v0.12 Extended TeX logo macros
 (/usr/local/texlive/2023/texmf-dist/tex/latex/graphics/graphicx.sty
Package: graphicx 2021/09/16 v1.2d Enhanced LaTeX Graphics (DPC,SPQR)
 (/usr/local/texlive/2023/texmf-dist/tex/latex/graphics/graphics.sty
Package: graphics 2022/03/10 v1.4e Standard LaTeX Graphics (DPC,SPQR)
 (/usr/local/texlive/2023/texmf-dist/tex/latex/graphics/trig.sty
Package: trig 2021/08/11 v1.11 sin cos tan (DPC)
) (/usr/local/texlive/2023/texmf-dist/tex/latex/graphics-cfg/graphics.cfg
File: graphics.cfg 2016/06/04 v1.11 sample graphics configuration
)
Package graphics Info: Driver file: xetex.def on input line 107.
 (/usr/local/texlive/2023/texmf-dist/tex/latex/graphics-def/xetex.def
File: xetex.def 2022/09/22 v5.0n Graphics/color driver for xetex
))
\Gin@req@height=\dimen153
\Gin@req@width=\dimen154
)
\xl@everylogo=\toks19
\xl@@everylogo=\toks20
LaTeX Info: Redefining \TeX on input line 193.
LaTeX Info: Redefining \LaTeX on input line 202.
LaTeX Info: Redefining \LaTeXe on input line 219.
)
\l__xetex_show_hyphens_wrapping_box=\box52
\l__xetex_show_hyphens_temp_box=\box53
\l__xetex_show_hyphens_final_box=\box54
\g__xetex_show_hyphens_word_box=\box55
) (/usr/local/texlive/2023/texmf-dist/tex/xelatex/xunicode/xunicode.sty
File: xunicode.sty 2011/09/09 v0.981 provides access to latin accents and many other characters in Unicode lower plane
 (/usr/local/texlive/2023/texmf-dist/tex/latex/tipa/t3enc.def
File: t3enc.def 2001/12/31 T3 encoding
)
\tipaTiiicode=\count274
\tipasavetokens=\toks21
\tipachecktokens=\toks22
)

Package fontspec Info: Font family 'TimesNewRoman(0)' created for font 'Times
(fontspec)             New Roman' with options
(fontspec)             [Ligatures=TeX,Mapping=tex-text].
(fontspec)              
(fontspec)              This font family consists of the following NFSS
(fontspec)             series/shapes:
(fontspec)              
(fontspec)             - 'normal' (m/n) with NFSS spec.: <->"Times New
(fontspec)             Roman/OT:script=latn;language=dflt;mapping=tex-text;"
(fontspec)             - 'small caps'  (m/sc) with NFSS spec.: 
(fontspec)             - 'bold' (b/n) with NFSS spec.: <->"Times New
(fontspec)             Roman/B/OT:script=latn;language=dflt;mapping=tex-text;"
(fontspec)             - 'bold small caps'  (b/sc) with NFSS spec.: 
(fontspec)             - 'italic' (m/it) with NFSS spec.: <->"Times New
(fontspec)             Roman/I/OT:script=latn;language=dflt;mapping=tex-text;"
(fontspec)             - 'italic small caps'  (m/scit) with NFSS spec.: 
(fontspec)             - 'bold italic' (b/it) with NFSS spec.: <->"Times New
(fontspec)             Roman/BI/OT:script=latn;language=dflt;mapping=tex-text;"
(fontspec)             - 'bold italic small caps'  (b/scit) with NFSS spec.: 



Package fontspec Warning: Font "Times New Roman" does not contain requested
(fontspec)                Script "Greek".


Package fontspec Info: Font family 'TimesNewRoman(1)' created for font 'Times
(fontspec)             New Roman' with options [Script=Greek].
(fontspec)              
(fontspec)              This font family consists of the following NFSS
(fontspec)             series/shapes:
(fontspec)              
(fontspec)             - 'normal' (m/n) with NFSS spec.: <->"Times New
(fontspec)             Roman/OT:script=latn;language=dflt;"
(fontspec)             - 'small caps'  (m/sc) with NFSS spec.: 
(fontspec)             - 'bold' (b/n) with NFSS spec.: <->"Times New
(fontspec)             Roman/B/OT:script=latn;language=dflt;"
(fontspec)             - 'bold small caps'  (b/sc) with NFSS spec.: 
(fontspec)             - 'italic' (m/it) with NFSS spec.: <->"Times New
(fontspec)             Roman/I/OT:script=latn;language=dflt;"
(fontspec)             - 'italic small caps'  (m/scit) with NFSS spec.: 
(fontspec)             - 'bold italic' (b/it) with NFSS spec.: <->"Times New
(fontspec)             Roman/BI/OT:script=latn;language=dflt;"
(fontspec)             - 'bold italic small caps'  (b/scit) with NFSS spec.: 


Package fontspec Info: Futura scale = 0.9271222082288646.


Package fontspec Info: Futura scale = 0.9271222082288646.


Package fontspec Info: Futura/B scale = 0.8718585320801869.


Package fontspec Info: Futura/I scale = 0.9561551935749097.


Package fontspec Info: Futura/BI scale = 0.9561551935749097.


Package fontspec Info: Font family 'Futura(0)' created for font 'Futura' with
(fontspec)             options
(fontspec)             [Ligatures=TeX,Scale=MatchLowercase,Mapping=tex-text].
(fontspec)              
(fontspec)              This font family consists of the following NFSS
(fontspec)             series/shapes:
(fontspec)              
(fontspec)             - 'normal' (m/n) with NFSS spec.:
(fontspec)             <->s*[0.9271222082288646]"Futura/OT:language=dflt;mapping=tex-text;"
(fontspec)             - 'small caps'  (m/sc) with NFSS spec.: 
(fontspec)             - 'bold' (b/n) with NFSS spec.:
(fontspec)             <->s*[0.8718585320801869]"Futura/B/OT:language=dflt;mapping=tex-text;"
(fontspec)             - 'bold small caps'  (b/sc) with NFSS spec.: 
(fontspec)             - 'italic' (m/it) with NFSS spec.:
(fontspec)             <->s*[0.9561551935749097]"Futura/I/OT:language=dflt;mapping=tex-text;"
(fontspec)             - 'italic small caps'  (m/scit) with NFSS spec.: 
(fontspec)             - 'bold italic' (b/it) with NFSS spec.:
(fontspec)             <->s*[0.9561551935749097]"Futura/BI/OT:language=dflt;mapping=tex-text;"
(fontspec)             - 'bold italic small caps'  (b/scit) with NFSS spec.: 

(/usr/local/texlive/2023/texmf-dist/tex/latex/polyglossia/polyglossia.sty
Package: polyglossia 2023/06/10 v1.63 Modern multilingual typesetting with XeLaTeX and LuaLaTeX
 (/usr/local/texlive/2023/texmf-dist/tex/latex/etoolbox/etoolbox.sty
Package: etoolbox 2020/10/05 v2.5k e-TeX tools for LaTeX (JAW)
\etb@tempcnta=\count275
) (/usr/local/texlive/2023/texmf-dist/tex/latex/makecmds/makecmds.sty
Package: makecmds 2009/09/03 v1.0a extra command making commands
) (/usr/local/texlive/2023/texmf-dist/tex/latex/xkeyval/xkeyval.sty
Package: xkeyval 2022/06/16 v2.9 package option processing (HA)
 (/usr/local/texlive/2023/texmf-dist/tex/generic/xkeyval/xkeyval.tex (/usr/local/texlive/2023/texmf-dist/tex/generic/xkeyval/xkvutils.tex
\XKV@toks=\toks23
\XKV@tempa@toks=\toks24
)
\XKV@depth=\count276
File: xkeyval.tex 2014/12/03 v2.7a key=value parser (HA)
)) (/usr/local/texlive/2023/texmf-dist/tex/latex/l3packages/l3keys2e/l3keys2e.sty
Package: l3keys2e 2023-02-02 LaTeX2e option processing using LaTeX3 keys
)
\xpg@normalclass=\XeTeXcharclass1
 (/usr/local/texlive/2023/texmf-dist/tex/latex/polyglossia/gloss-latex.lde
Package: gloss-latex 2023/06/10 vv1.63 polyglossia: module for default language
The property list \polyglossia@langsetup contains the pairs (without outer
braces):
>  {latex/script}  =>  {latin}
>  {latex/lcscript}  =>  {latin}
>  {latex/scripttag}  =>  {}
>  {latex/language}  =>  {Latex}
>  {latex/langtag}  =>  {ENG}
>  {latex/bcp47}  =>  {en-US}
>  {latex/bcp47-language}  =>  {en}
>  {latex/bcp47-region}  =>  {US}
>  {latex/bcp47-script}  =>  {Latn}
>  {latex/bcp47-variant}  =>  {}
>  {latex/bcp47-extension-t}  =>  {}
>  {latex/bcp47-extension-u}  =>  {}
>  {latex/bcp47-extension-x}  =>  {}
>  {latex/bcp47-casing}  =>  {}
>  {latex/hyphennames}  =>  {english}
>  {latex/direction}  =>  {LR}
>  {latex/hyphenmins}  =>  {2,3}
>  {latex/frenchspacing}  =>  {false}
>  {latex/indentfirst}  =>  {false}
>  {latex/fontsetup}  =>  {true}
>  {latex/envname}  =>  {latex}
>  {latex/babelname}  =>  {latex}
>  {latex/localnumeral}  =>  {polyglossia@C@localnumeral}
>  {latex/Localnumeral}  =>  {polyglossia@C@localnumeral}
>  {latex/DefineCommandsCmd}  =>  {use_none:n}.
)
Package polyglossia Info: Default language is latex.
) (/usr/local/texlive/2023/texmf-dist/tex/latex/polyglossia/gloss-greek.ldf
File: gloss-greek.ldf polyglossia: module for Greek
The property list \polyglossia@langsetup contains the pairs (without outer
braces):
>  {latex/script}  =>  {latin}
>  {latex/lcscript}  =>  {latin}
>  {latex/scripttag}  =>  {}
>  {latex/language}  =>  {Latex}
>  {latex/langtag}  =>  {ENG}
>  {latex/bcp47}  =>  {en-US}
>  {latex/bcp47-language}  =>  {en}
>  {latex/bcp47-region}  =>  {US}
>  {latex/bcp47-script}  =>  {Latn}
>  {latex/bcp47-variant}  =>  {}
>  {latex/bcp47-extension-t}  =>  {}
>  {latex/bcp47-extension-u}  =>  {}
>  {latex/bcp47-extension-x}  =>  {}
>  {latex/bcp47-casing}  =>  {}
>  {latex/hyphennames}  =>  {english}
>  {latex/direction}  =>  {LR}
>  {latex/hyphenmins}  =>  {2,3}
>  {latex/frenchspacing}  =>  {false}
>  {latex/indentfirst}  =>  {false}
>  {latex/fontsetup}  =>  {true}
>  {latex/envname}  =>  {latex}
>  {latex/babelname}  =>  {latex}
>  {latex/localnumeral}  =>  {polyglossia@C@localnumeral}
>  {latex/Localnumeral}  =>  {polyglossia@C@localnumeral}
>  {latex/DefineCommandsCmd}  =>  {use_none:n}
>  {greek/script}  =>  {Greek}
>  {greek/lcscript}  =>  {greek}
>  {greek/scripttag}  =>  {grek}
>  {greek/language}  =>  {Greek}
>  {greek/langtag}  =>  {ELL}
>  {greek/bcp47}  =>  {el-monoton}
>  {greek/bcp47-language}  =>  {el}
>  {greek/bcp47-region}  =>  {}
>  {greek/bcp47-script}  =>  {Grek}
>  {greek/bcp47-variant}  =>  {monoton}
>  {greek/bcp47-extension-t}  =>  {}
>  {greek/bcp47-extension-u}  =>  {nu-grek}
>  {greek/bcp47-extension-x}  =>  {}
>  {greek/bcp47-casing}  =>  {el}
>  {greek/hyphennames}  =>  {}
>  {greek/direction}  =>  {LR}
>  {greek/hyphenmins}  =>  {2,3}
>  {greek/frenchspacing}  =>  {true}
>  {greek/indentfirst}  =>  {true}
>  {greek/fontsetup}  =>  {true}
>  {greek/envname}  =>  {greek}
>  {greek/babelname}  =>  {greek}
>  {greek/localnumeral}  =>  {greeknumerals}
>  {greek/Localnumeral}  =>  {Greeknumerals}
>  {greek/DefineCommandsCmd}  =>  {xpg_define_language_commands:e}.
 (/usr/local/texlive/2023/texmf-dist/tex/latex/polyglossia/xgreek-fixes.def)
Package polyglossia Info: Option: Greek, variant=monotonic.
Package polyglossia Info: Option: Greek, numerals=greek.
\@attic@num=\count277
)
Package polyglossia Info: Option: Greek, variant=mono.
Package polyglossia Info: Option: Greek, variant=mono.
Package polyglossia Info: Default language is greek.
Package polyglossia Info: Option: Greek, variant=mono.
 (/usr/local/texlive/2023/texmf-dist/tex/latex/polyglossia/gloss-english.ldf
File: gloss-english.ldf polyglossia: module for English
The property list \polyglossia@langsetup contains the pairs (without outer
braces):
>  {latex/script}  =>  {latin}
>  {latex/lcscript}  =>  {latin}
>  {latex/scripttag}  =>  {}
>  {latex/language}  =>  {Latex}
>  {latex/langtag}  =>  {ENG}
>  {latex/bcp47}  =>  {en-US}
>  {latex/bcp47-language}  =>  {en}
>  {latex/bcp47-region}  =>  {US}
>  {latex/bcp47-script}  =>  {Latn}
>  {latex/bcp47-variant}  =>  {}
>  {latex/bcp47-extension-t}  =>  {}
>  {latex/bcp47-extension-u}  =>  {}
>  {latex/bcp47-extension-x}  =>  {}
>  {latex/bcp47-casing}  =>  {}
>  {latex/hyphennames}  =>  {english}
>  {latex/direction}  =>  {LR}
>  {latex/hyphenmins}  =>  {2,3}
>  {latex/frenchspacing}  =>  {false}
>  {latex/indentfirst}  =>  {false}
>  {latex/fontsetup}  =>  {true}
>  {latex/envname}  =>  {latex}
>  {latex/babelname}  =>  {latex}
>  {latex/localnumeral}  =>  {polyglossia@C@localnumeral}
>  {latex/Localnumeral}  =>  {polyglossia@C@localnumeral}
>  {latex/DefineCommandsCmd}  =>  {use_none:n}
>  {greek/script}  =>  {Greek}
>  {greek/lcscript}  =>  {greek}
>  {greek/scripttag}  =>  {grek}
>  {greek/language}  =>  {Greek}
>  {greek/langtag}  =>  {ELL}
>  {greek/bcp47}  =>  {el-monoton}
>  {greek/bcp47-language}  =>  {el}
>  {greek/bcp47-region}  =>  {}
>  {greek/bcp47-script}  =>  {Grek}
>  {greek/bcp47-variant}  =>  {monoton}
>  {greek/bcp47-extension-t}  =>  {}
>  {greek/bcp47-extension-u}  =>  {nu-grek}
>  {greek/bcp47-extension-x}  =>  {}
>  {greek/bcp47-casing}  =>  {el}
>  {greek/hyphennames}  =>  {}
>  {greek/direction}  =>  {LR}
>  {greek/hyphenmins}  =>  {2,3}
>  {greek/frenchspacing}  =>  {true}
>  {greek/indentfirst}  =>  {true}
>  {greek/fontsetup}  =>  {true}
>  {greek/envname}  =>  {greek}
>  {greek/babelname}  =>  {greek}
>  {greek/localnumeral}  =>  {greeknumerals}
>  {greek/Localnumeral}  =>  {Greeknumerals}
>  {greek/DefineCommandsCmd}  =>  {xpg_define_language_commands:e}
>  {english/script}  =>  {latin}
>  {english/lcscript}  =>  {latin}
>  {english/scripttag}  =>  {}
>  {english/language}  =>  {English}
>  {english/langtag}  =>  {ENG}
>  {english/bcp47}  =>  {en-US}
>  {english/bcp47-language}  =>  {en}
>  {english/bcp47-region}  =>  {US}
>  {english/bcp47-script}  =>  {Latn}
>  {english/bcp47-variant}  =>  {}
>  {english/bcp47-extension-t}  =>  {}
>  {english/bcp47-extension-u}  =>  {}
>  {english/bcp47-extension-x}  =>  {}
>  {english/bcp47-casing}  =>  {}
>  {english/hyphennames}  =>  {english,american,usenglish,USenglish}
>  {english/direction}  =>  {LR}
>  {english/hyphenmins}  =>  {2,3}
>  {english/frenchspacing}  =>  {false}
>  {english/indentfirst}  =>  {false}
>  {english/fontsetup}  =>  {true}
>  {english/envname}  =>  {english}
>  {english/babelname}  =>  {english}
>  {english/localnumeral}  =>  {polyglossia@C@localnumeral}
>  {english/Localnumeral}  =>  {polyglossia@C@localnumeral}
>  {english/DefineCommandsCmd}  =>  {xpg_define_language_commands:e}.
Package polyglossia Info: Option: English, variant=american.
)
Package polyglossia Info: Option: English, variant=british.
Package polyglossia Info: Option: English, variant=british.
Package polyglossia Info: Option: English, variant=british.
The property list \polyglossia@langsetup contains the pairs (without outer
braces):
>  {latex/script}  =>  {latin}
>  {latex/lcscript}  =>  {latin}
>  {latex/scripttag}  =>  {}
>  {latex/language}  =>  {Latex}
>  {latex/langtag}  =>  {ENG}
>  {latex/bcp47}  =>  {en-US}
>  {latex/bcp47-language}  =>  {en}
>  {latex/bcp47-region}  =>  {US}
>  {latex/bcp47-script}  =>  {Latn}
>  {latex/bcp47-variant}  =>  {}
>  {latex/bcp47-extension-t}  =>  {}
>  {latex/bcp47-extension-u}  =>  {}
>  {latex/bcp47-extension-x}  =>  {}
>  {latex/bcp47-casing}  =>  {}
>  {latex/hyphennames}  =>  {english}
>  {latex/direction}  =>  {LR}
>  {latex/hyphenmins}  =>  {2,3}
>  {latex/frenchspacing}  =>  {false}
>  {latex/indentfirst}  =>  {false}
>  {latex/fontsetup}  =>  {true}
>  {latex/envname}  =>  {latex}
>  {latex/babelname}  =>  {latex}
>  {latex/localnumeral}  =>  {polyglossia@C@localnumeral}
>  {latex/Localnumeral}  =>  {polyglossia@C@localnumeral}
>  {latex/DefineCommandsCmd}  =>  {use_none:n}
>  {greek/script}  =>  {latin}
>  {greek/lcscript}  =>  {latin}
>  {greek/scripttag}  =>  {}
>  {greek/language}  =>  {Greek}
>  {greek/langtag}  =>  {}
>  {greek/bcp47}  =>  {}
>  {greek/bcp47-language}  =>  {}
>  {greek/bcp47-region}  =>  {}
>  {greek/bcp47-script}  =>  {}
>  {greek/bcp47-variant}  =>  {}
>  {greek/bcp47-extension-t}  =>  {}
>  {greek/bcp47-extension-u}  =>  {}
>  {greek/bcp47-extension-x}  =>  {}
>  {greek/bcp47-casing}  =>  {}
>  {greek/hyphennames}  =>  {}
>  {greek/direction}  =>  {LR}
>  {greek/hyphenmins}  =>  {2,3}
>  {greek/frenchspacing}  =>  {false}
>  {greek/indentfirst}  =>  {true}
>  {greek/fontsetup}  =>  {false}
>  {greek/envname}  =>  {greek}
>  {greek/babelname}  =>  {greek}
>  {greek/localnumeral}  =>  {polyglossia@C@localnumeral}
>  {greek/Localnumeral}  =>  {polyglossia@C@localnumeral}
>  {greek/DefineCommandsCmd}  =>  {xpg_define_language_commands:e}
>  {english/script}  =>  {latin}
>  {english/lcscript}  =>  {latin}
>  {english/scripttag}  =>  {}
>  {english/language}  =>  {English}
>  {english/langtag}  =>  {ENG}
>  {english/bcp47}  =>  {en-GB}
>  {english/bcp47-language}  =>  {en}
>  {english/bcp47-region}  =>  {GB}
>  {english/bcp47-script}  =>  {Latn}
>  {english/bcp47-variant}  =>  {}
>  {english/bcp47-extension-t}  =>  {}
>  {english/bcp47-extension-u}  =>  {}
>  {english/bcp47-extension-x}  =>  {}
>  {english/bcp47-casing}  =>  {}
>  {english/hyphennames}  =>  {english,american,usenglish,USenglish}
>  {english/direction}  =>  {LR}
>  {english/hyphenmins}  =>  {2,3}
>  {english/frenchspacing}  =>  {false}
>  {english/indentfirst}  =>  {false}
>  {english/fontsetup}  =>  {true}
>  {english/envname}  =>  {english}
>  {english/babelname}  =>  {british}
>  {english/localnumeral}  =>  {polyglossia@C@localnumeral}
>  {english/Localnumeral}  =>  {polyglossia@C@localnumeral}
>  {english/DefineCommandsCmd}  =>  {xpg_define_language_commands:e}.
Package polyglossia Info: Skipping automatic font setup for language greek.
 (/usr/local/texlive/2023/texmf-dist/tex/latex/hyperref/hyperref.sty
Package: hyperref 2023-06-25 v7.01a Hypertext links for LaTeX
 (/usr/local/texlive/2023/texmf-dist/tex/generic/ltxcmds/ltxcmds.sty
Package: ltxcmds 2020-05-10 v1.25 LaTeX kernel commands for general use (HO)
) (/usr/local/texlive/2023/texmf-dist/tex/generic/pdftexcmds/pdftexcmds.sty
Package: pdftexcmds 2020-06-27 v0.33 Utility functions of pdfTeX for LuaTeX (HO)
 (/usr/local/texlive/2023/texmf-dist/tex/generic/infwarerr/infwarerr.sty
Package: infwarerr 2019/12/03 v1.5 Providing info/warning/error messages (HO)
)
Package pdftexcmds Info: \pdf@primitive is available.
Package pdftexcmds Info: \pdf@ifprimitive is available.
Package pdftexcmds Info: \pdfdraftmode not found.
) (/usr/local/texlive/2023/texmf-dist/tex/latex/kvsetkeys/kvsetkeys.sty
Package: kvsetkeys 2022-10-05 v1.19 Key value parser (HO)
) (/usr/local/texlive/2023/texmf-dist/tex/generic/kvdefinekeys/kvdefinekeys.sty
Package: kvdefinekeys 2019-12-19 v1.6 Define keys (HO)
) (/usr/local/texlive/2023/texmf-dist/tex/generic/pdfescape/pdfescape.sty
Package: pdfescape 2019/12/09 v1.15 Implements pdfTeX's escape features (HO)
) (/usr/local/texlive/2023/texmf-dist/tex/latex/hycolor/hycolor.sty
Package: hycolor 2020-01-27 v1.10 Color options for hyperref/bookmark (HO)
) (/usr/local/texlive/2023/texmf-dist/tex/latex/letltxmacro/letltxmacro.sty
Package: letltxmacro 2019/12/03 v1.6 Let assignment for LaTeX macros (HO)
) (/usr/local/texlive/2023/texmf-dist/tex/latex/auxhook/auxhook.sty
Package: auxhook 2019-12-17 v1.6 Hooks for auxiliary files (HO)
) (/usr/local/texlive/2023/texmf-dist/tex/latex/hyperref/nameref.sty
Package: nameref 2023-06-18 v2.52 Cross-referencing by name of section
 (/usr/local/texlive/2023/texmf-dist/tex/latex/refcount/refcount.sty
Package: refcount 2019/12/15 v3.6 Data extraction from label references (HO)
) (/usr/local/texlive/2023/texmf-dist/tex/generic/gettitlestring/gettitlestring.sty
Package: gettitlestring 2019/12/15 v1.6 Cleanup title references (HO)
 (/usr/local/texlive/2023/texmf-dist/tex/latex/kvoptions/kvoptions.sty
Package: kvoptions 2022-06-15 v3.15 Key value format for package options (HO)
))
\c@section@level=\count278
)
\@linkdim=\dimen155
\Hy@linkcounter=\count279
\Hy@pagecounter=\count280
 (/usr/local/texlive/2023/texmf-dist/tex/latex/hyperref/pd1enc.def
File: pd1enc.def 2023-06-25 v7.01a Hyperref: PDFDocEncoding definition (HO)
) (/usr/local/texlive/2023/texmf-dist/tex/generic/intcalc/intcalc.sty
Package: intcalc 2019/12/15 v1.3 Expandable calculations with integers (HO)
)
\Hy@SavedSpaceFactor=\count281
 (/usr/local/texlive/2023/texmf-dist/tex/latex/hyperref/puenc.def
File: puenc.def 2023-06-25 v7.01a Hyperref: PDF Unicode definition (HO)

(/usr/local/texlive/2023/texmf-dist/tex/latex/greek-fontenc/puenc-greek.def
File: puenc-greek.def 2023/03/08 2.2.1 Greek LICRs for PDF strings
 (/usr/local/texlive/2023/texmf-dist/tex/latex/greek-fontenc/greek-fontenc.def
File: greek-fontenc.def 2023-06-01 2.3 Common Greek font encoding definitions
)))
Package hyperref Info: Hyper figures OFF on input line 4167.
Package hyperref Info: Link nesting OFF on input line 4172.
Package hyperref Info: Hyper index ON on input line 4175.
Package hyperref Info: Plain pages OFF on input line 4182.
Package hyperref Info: Backreferencing OFF on input line 4187.
Package hyperref Info: Implicit mode ON; LaTeX internals redefined.
Package hyperref Info: Bookmarks ON on input line 4434.
\c@Hy@tempcnt=\count282
 (/usr/local/texlive/2023/texmf-dist/tex/latex/url/url.sty
\Urlmuskip=\muskip16
Package: url 2013/09/16  ver 3.4  Verb mode for urls, etc.
)
LaTeX Info: Redefining \url on input line 4772.
\XeTeXLinkMargin=\dimen156
 (/usr/local/texlive/2023/texmf-dist/tex/generic/bitset/bitset.sty
Package: bitset 2019/12/09 v1.3 Handle bit-vector datatype (HO)
 (/usr/local/texlive/2023/texmf-dist/tex/generic/bigintcalc/bigintcalc.sty
Package: bigintcalc 2019/12/15 v1.5 Expandable calculations on big integers (HO)
))
\Fld@menulength=\count283
\Field@Width=\dimen157
\Fld@charsize=\dimen158
Package hyperref Info: Hyper figures OFF on input line 6051.
Package hyperref Info: Link nesting OFF on input line 6056.
Package hyperref Info: Hyper index ON on input line 6059.
Package hyperref Info: backreferencing OFF on input line 6066.
Package hyperref Info: Link coloring OFF on input line 6071.
Package hyperref Info: Link coloring with OCG OFF on input line 6076.
Package hyperref Info: PDF/A mode OFF on input line 6081.
 (/usr/local/texlive/2023/texmf-dist/tex/latex/base/atbegshi-ltx.sty
Package: atbegshi-ltx 2021/01/10 v1.0c Emulation of the original atbegshi
package with kernel methods
)
\Hy@abspage=\count284
\c@Item=\count285
\c@Hfootnote=\count286
)
Package hyperref Info: Driver (autodetected): hxetex.
 (/usr/local/texlive/2023/texmf-dist/tex/latex/hyperref/hxetex.def
File: hxetex.def 2023-06-25 v7.01a Hyperref driver for XeTeX
 (/usr/local/texlive/2023/texmf-dist/tex/generic/stringenc/stringenc.sty
Package: stringenc 2019/11/29 v1.12 Convert strings between diff. encodings (HO)
)
\pdfm@box=\box56
\c@Hy@AnnotLevel=\count287
\HyField@AnnotCount=\count288
\Fld@listcount=\count289
\c@bookmark@seq@number=\count290
 (/usr/local/texlive/2023/texmf-dist/tex/latex/rerunfilecheck/rerunfilecheck.sty
Package: rerunfilecheck 2022-07-10 v1.10 Rerun checks for auxiliary files (HO)
 (/usr/local/texlive/2023/texmf-dist/tex/latex/base/atveryend-ltx.sty
Package: atveryend-ltx 2020/08/19 v1.0a Emulation of the original atveryend package
with kernel methods
) (/usr/local/texlive/2023/texmf-dist/tex/generic/uniquecounter/uniquecounter.sty
Package: uniquecounter 2019/12/15 v1.4 Provide unlimited unique counter (HO)
)
Package uniquecounter Info: New unique counter `rerunfilecheck' on input line 285.
)
\Hy@SectionHShift=\skip50
) (/usr/local/texlive/2023/texmf-dist/tex/latex/caption/caption.sty
Package: caption 2023/03/12 v3.6j Customizing captions (AR)
 (/usr/local/texlive/2023/texmf-dist/tex/latex/caption/caption3.sty
Package: caption3 2023/03/12 v2.4 caption3 kernel (AR)
\caption@tempdima=\dimen159
\captionmargin=\dimen160
\caption@leftmargin=\dimen161
\caption@rightmargin=\dimen162
\caption@width=\dimen163
\caption@indent=\dimen164
\caption@parindent=\dimen165
\caption@hangindent=\dimen166
Package caption Info: Standard document class detected.
)
\c@caption@flags=\count291
\c@continuedfloat=\count292
Package caption Info: hyperref package is loaded.
) (/usr/local/texlive/2023/texmf-dist/tex/latex/titlesec/titlesec.sty
Package: titlesec 2021/07/05 v2.14 Sectioning titles
\ttl@box=\box57
\beforetitleunit=\skip51
\aftertitleunit=\skip52
\ttl@plus=\dimen167
\ttl@minus=\dimen168
\ttl@toksa=\toks25
\titlewidth=\dimen169
\titlewidthlast=\dimen170
\titlewidthfirst=\dimen171
) (/usr/local/texlive/2023/texmf-dist/tex/latex/amsmath/amsmath.sty
Package: amsmath 2023/05/13 v2.17o AMS math features
\@mathmargin=\skip53

For additional information on amsmath, use the `?' option.
(/usr/local/texlive/2023/texmf-dist/tex/latex/amsmath/amstext.sty
Package: amstext 2021/08/26 v2.01 AMS text
 (/usr/local/texlive/2023/texmf-dist/tex/latex/amsmath/amsgen.sty
File: amsgen.sty 1999/11/30 v2.0 generic functions
\@emptytoks=\toks26
\ex@=\dimen172
)) (/usr/local/texlive/2023/texmf-dist/tex/latex/amsmath/amsbsy.sty
Package: amsbsy 1999/11/29 v1.2d Bold Symbols
\pmbraise@=\dimen173
) (/usr/local/texlive/2023/texmf-dist/tex/latex/amsmath/amsopn.sty
Package: amsopn 2022/04/08 v2.04 operator names
)
\inf@bad=\count293
LaTeX Info: Redefining \frac on input line 234.
\uproot@=\count294
\leftroot@=\count295
LaTeX Info: Redefining \overline on input line 399.
LaTeX Info: Redefining \colon on input line 410.
\classnum@=\count296
\DOTSCASE@=\count297
LaTeX Info: Redefining \ldots on input line 496.
LaTeX Info: Redefining \dots on input line 499.
LaTeX Info: Redefining \cdots on input line 620.
\Mathstrutbox@=\box58
\strutbox@=\box59
LaTeX Info: Redefining \big on input line 722.
LaTeX Info: Redefining \Big on input line 723.
LaTeX Info: Redefining \bigg on input line 724.
LaTeX Info: Redefining \Bigg on input line 725.
\big@size=\dimen174
LaTeX Font Info:    Redeclaring font encoding OML on input line 743.
LaTeX Font Info:    Redeclaring font encoding OMS on input line 744.
\macc@depth=\count298
LaTeX Info: Redefining \bmod on input line 905.
LaTeX Info: Redefining \pmod on input line 910.
LaTeX Info: Redefining \smash on input line 940.
LaTeX Info: Redefining \relbar on input line 970.
LaTeX Info: Redefining \Relbar on input line 971.
\c@MaxMatrixCols=\count299
\dotsspace@=\muskip17
\c@parentequation=\count300
\dspbrk@lvl=\count301
\tag@help=\toks27
\row@=\count302
\column@=\count303
\maxfields@=\count304
\andhelp@=\toks28
\eqnshift@=\dimen175
\alignsep@=\dimen176
\tagshift@=\dimen177
\tagwidth@=\dimen178
\totwidth@=\dimen179
\lineht@=\dimen180
\@envbody=\toks29
\multlinegap=\skip54
\multlinetaggap=\skip55
\mathdisplay@stack=\toks30
LaTeX Info: Redefining \[ on input line 2953.
LaTeX Info: Redefining \] on input line 2954.
) (/usr/local/texlive/2023/texmf-dist/tex/latex/amsfonts/amsfonts.sty
Package: amsfonts 2013/01/14 v3.01 Basic AMSFonts support
\symAMSa=\mathgroup4
\symAMSb=\mathgroup5
LaTeX Font Info:    Redeclaring math symbol \hbar on input line 98.
LaTeX Font Info:    Overwriting math alphabet `\mathfrak' in version `bold'
(Font)                  U/euf/m/n --> U/euf/b/n on input line 106.
) (/usr/local/texlive/2023/texmf-dist/tex/latex/amsfonts/amssymb.sty
Package: amssymb 2013/01/14 v3.01 AMS font symbols
) (/usr/local/texlive/2023/texmf-dist/tex/latex/jknapltx/mathrsfs.sty
Package: mathrsfs 1996/01/01 Math RSFS package v1.0 (jk)
\symrsfs=\mathgroup6
) (/usr/local/texlive/2023/texmf-dist/tex/latex/amscls/amsthm.sty
Package: amsthm 2020/05/29 v2.20.6
\thm@style=\toks31
\thm@bodyfont=\toks32
\thm@headfont=\toks33
\thm@notefont=\toks34
\thm@headpunct=\toks35
\thm@preskip=\skip56
\thm@postskip=\skip57
\thm@headsep=\skip58
\dth@everypar=\toks36
) (/usr/local/texlive/2023/texmf-dist/tex/latex/relsize/relsize.sty
Package: relsize 2013/03/29 ver 4.1
) (/usr/local/texlive/2023/texmf-dist/tex/generic/mathdots/mathdots.sty
Package: mathdots 2014/06/11 v0.9 Improve and add various macros for dots in math.
\MDo@unit=\dimen181
\MDo@dotsbox=\box60
\MDoprekern=\muskip18
\MDopostkern=\muskip19
\MDodotkern=\muskip20
) (/usr/local/texlive/2023/texmf-dist/tex/latex/mathtools/mathtools.sty
Package: mathtools 2022/06/29 v1.29 mathematical typesetting tools
 (/usr/local/texlive/2023/texmf-dist/tex/latex/tools/calc.sty
Package: calc 2017/05/25 v4.3 Infix arithmetic (KKT,FJ)
\calc@Acount=\count305
\calc@Bcount=\count306
\calc@Adimen=\dimen182
\calc@Bdimen=\dimen183
\calc@Askip=\skip59
\calc@Bskip=\skip60
LaTeX Info: Redefining \setlength on input line 80.
LaTeX Info: Redefining \addtolength on input line 81.
\calc@Ccount=\count307
\calc@Cskip=\skip61
) (/usr/local/texlive/2023/texmf-dist/tex/latex/mathtools/mhsetup.sty
Package: mhsetup 2021/03/18 v1.4 programming setup (MH)
)
\g_MT_multlinerow_int=\count308
\l_MT_multwidth_dim=\dimen184
\origjot=\skip62
\l_MT_shortvdotswithinadjustabove_dim=\dimen185
\l_MT_shortvdotswithinadjustbelow_dim=\dimen186
\l_MT_above_intertext_sep=\dimen187
\l_MT_below_intertext_sep=\dimen188
\l_MT_above_shortintertext_sep=\dimen189
\l_MT_below_shortintertext_sep=\dimen190
\xmathstrut@box=\box61
\xmathstrut@dim=\dimen191
) (/usr/local/texlive/2023/texmf-dist/tex/latex/mathtools/empheq.sty
Package: empheq 2017/03/31 v2.15 Emphasizing equations
\l_EQ_equationtype_int=\count309
\l_EQ_alignmentmode_int=\count310
\l_EQ_totalwidth_dim=\dimen192
\l_EQ_displaywidth_dim=\dimen193
\l_EQ_temp_linewidth_dim=\dimen194
\l_EQ_linewidth_dim=\dimen195
\EmphEqdelimitershortfall=\dimen196
\EmphEqdelimiterfactor=\count311
\g_EQ_toptag_height_dim=\dimen197
\g_EQ_bottomtag_depth_dim=\dimen198
\g_EQ_toprow_height_dim=\dimen199
\g_EQ_bottomrow_depth_dim=\dimen256
\g_EQ_widesttag_dim=\dimen257
\EQ_mathdisplay_box=\box62
\EQ_tag_box=\box63
\g_EQ_temprow_int=\count312
) (/usr/local/texlive/2023/texmf-dist/tex/latex/siunitx/siunitx.sty
Package: siunitx 2023-06-12 v3.2.6 A comprehensive (SI) units package
\l__siunitx_angle_tmp_dim=\dimen258
\l__siunitx_angle_marker_box=\box64
\l__siunitx_angle_unit_box=\box65
\l__siunitx_compound_count_int=\count313
 (/usr/local/texlive/2023/texmf-dist/tex/latex/translations/translations.sty
Package: translations 2022/02/05 v1.12 internationalization of LaTeX2e packages (CN)
)
\l__siunitx_number_exponent_fixed_int=\count314
\l__siunitx_number_min_decimal_int=\count315
\l__siunitx_number_min_integer_int=\count316
\l__siunitx_number_round_precision_int=\count317
\l__siunitx_number_lower_threshold_int=\count318
\l__siunitx_number_upper_threshold_int=\count319
\l__siunitx_number_group_first_int=\count320
\l__siunitx_number_group_size_int=\count321
\l__siunitx_number_group_minimum_int=\count322
\l__siunitx_table_tmp_box=\box66
\l__siunitx_table_tmp_dim=\dimen259
\l__siunitx_table_column_width_dim=\dimen260
\l__siunitx_table_integer_box=\box67
\l__siunitx_table_decimal_box=\box68
\l__siunitx_table_uncert_box=\box69
\l__siunitx_table_before_box=\box70
\l__siunitx_table_after_box=\box71
\l__siunitx_table_before_dim=\dimen261
\l__siunitx_table_carry_dim=\dimen262
\l__siunitx_unit_tmp_int=\count323
\l__siunitx_unit_position_int=\count324
\l__siunitx_unit_total_int=\count325
 (/usr/local/texlive/2023/texmf-dist/tex/latex/tools/array.sty
Package: array 2022/09/04 v2.5g Tabular extension package (FMi)
\col@sep=\dimen263
\ar@mcellbox=\box72
\extrarowheight=\dimen264
\NC@list=\toks37
\extratabsurround=\skip63
\backup@length=\skip64
\ar@cellbox=\box73
)) (/usr/local/texlive/2023/texmf-dist/tex/latex/esint/esint.sty
Package: esint 
\symlargesymbolsA=\mathgroup7
) (/usr/local/texlive/2023/texmf-dist/tex/latex/esvect/esvect.sty
Package: esvect 
\symesvector=\mathgroup8
) (/usr/local/texlive/2023/texmf-dist/tex/latex/tensor/tensor.sty
Package: tensor 2004/12/20 v2.1 tensor indices package (PGR)
\tnsr@Sps=\toks38
\tnsr@Sbs=\toks39
\tnsr@Spe=\toks40
\tnsr@Sbe=\toks41
\ncld@Mno=\toks42
) (/usr/local/texlive/2023/texmf-dist/tex/latex/physics/physics.sty
Package: physics 
) (/usr/local/texlive/2023/texmf-dist/tex/latex/tools/bm.sty
Package: bm 2022/01/05 v1.2f Bold Symbol Support (DPC/FMi)
\symboldoperators=\mathgroup9
\symboldletters=\mathgroup10
\symboldsymbols=\mathgroup11
Package bm Info: No bold for \OMX/cmex/m/n, using \pmb.
Package bm Info: No bold for \U/msa/m/n, using \pmb.
Package bm Info: No bold for \U/msb/m/n, using \pmb.
Package bm Info: No bold for \U/rsfs/m/n, using \pmb.
Package bm Info: No bold for \U/esint/m/n, using \pmb.
Package bm Info: No bold for \U/esvect/m/n, using \pmb.
LaTeX Font Info:    Redeclaring math alphabet \mathbf on input line 149.
) (/usr/local/texlive/2023/texmf-dist/tex/generic/systeme/systeme.sty (/usr/local/texlive/2023/texmf-dist/tex/generic/xstring/xstring.sty (/usr/local/texlive/2023/texmf-dist/tex/generic/xstring/xstring.tex
\integerpart=\count326
\decimalpart=\count327
)
Package: xstring 2023/01/14 v1.85 String manipulations (CT)
) (/usr/local/texlive/2023/texmf-dist/tex/generic/systeme/systeme.tex
\SYS_systemecode=\toks43
\SYS_systempreamble=\toks44
\SYSeqnum=\count328
Invalid UTF-8 byte or sequence at line 78 replaced by U+FFFD.
Invalid UTF-8 byte or sequence at line 78 replaced by U+FFFD.
Invalid UTF-8 byte or sequence at line 78 replaced by U+FFFD.
Invalid UTF-8 byte or sequence at line 78 replaced by U+FFFD.
Invalid UTF-8 byte or sequence at line 82 replaced by U+FFFD.
Invalid UTF-8 byte or sequence at line 86 replaced by U+FFFD.
Invalid UTF-8 byte or sequence at line 86 replaced by U+FFFD.
Invalid UTF-8 byte or sequence at line 86 replaced by U+FFFD.
Invalid UTF-8 byte or sequence at line 88 replaced by U+FFFD.
Invalid UTF-8 byte or sequence at line 90 replaced by U+FFFD.
Invalid UTF-8 byte or sequence at line 90 replaced by U+FFFD.
Invalid UTF-8 byte or sequence at line 90 replaced by U+FFFD.
Invalid UTF-8 byte or sequence at line 90 replaced by U+FFFD.
Invalid UTF-8 byte or sequence at line 90 replaced by U+FFFD.
Invalid UTF-8 byte or sequence at line 90 replaced by U+FFFD.
Invalid UTF-8 byte or sequence at line 96 replaced by U+FFFD.
Invalid UTF-8 byte or sequence at line 96 replaced by U+FFFD.
Invalid UTF-8 byte or sequence at line 114 replaced by U+FFFD.
Invalid UTF-8 byte or sequence at line 114 replaced by U+FFFD.
Invalid UTF-8 byte or sequence at line 114 replaced by U+FFFD.
Invalid UTF-8 byte or sequence at line 115 replaced by U+FFFD.
Invalid UTF-8 byte or sequence at line 115 replaced by U+FFFD.
Invalid UTF-8 byte or sequence at line 115 replaced by U+FFFD.
Invalid UTF-8 byte or sequence at line 115 replaced by U+FFFD.
Invalid UTF-8 byte or sequence at line 115 replaced by U+FFFD.
Invalid UTF-8 byte or sequence at line 115 replaced by U+FFFD.
Invalid UTF-8 byte or sequence at line 118 replaced by U+FFFD.
Invalid UTF-8 byte or sequence at line 118 replaced by U+FFFD.
Invalid UTF-8 byte or sequence at line 118 replaced by U+FFFD.
Invalid UTF-8 byte or sequence at line 118 replaced by U+FFFD.
Invalid UTF-8 byte or sequence at line 118 replaced by U+FFFD.
Invalid UTF-8 byte or sequence at line 129 replaced by U+FFFD.
Invalid UTF-8 byte or sequence at line 146 replaced by U+FFFD.
Invalid UTF-8 byte or sequence at line 146 replaced by U+FFFD.
Invalid UTF-8 byte or sequence at line 146 replaced by U+FFFD.
Invalid UTF-8 byte or sequence at line 146 replaced by U+FFFD.
Invalid UTF-8 byte or sequence at line 146 replaced by U+FFFD.
Invalid UTF-8 byte or sequence at line 181 replaced by U+FFFD.
Invalid UTF-8 byte or sequence at line 181 replaced by U+FFFD.
Invalid UTF-8 byte or sequence at line 182 replaced by U+FFFD.
Invalid UTF-8 byte or sequence at line 187 replaced by U+FFFD.
Invalid UTF-8 byte or sequence at line 193 replaced by U+FFFD.
Invalid UTF-8 byte or sequence at line 193 replaced by U+FFFD.
Invalid UTF-8 byte or sequence at line 197 replaced by U+FFFD.
Invalid UTF-8 byte or sequence at line 199 replaced by U+FFFD.
Invalid UTF-8 byte or sequence at line 199 replaced by U+FFFD.
Invalid UTF-8 byte or sequence at line 199 replaced by U+FFFD.
Invalid UTF-8 byte or sequence at line 207 replaced by U+FFFD.
Invalid UTF-8 byte or sequence at line 207 replaced by U+FFFD.
Invalid UTF-8 byte or sequence at line 209 replaced by U+FFFD.
Invalid UTF-8 byte or sequence at line 217 replaced by U+FFFD.
Invalid UTF-8 byte or sequence at line 240 replaced by U+FFFD.
Invalid UTF-8 byte or sequence at line 242 replaced by U+FFFD.
Invalid UTF-8 byte or sequence at line 244 replaced by U+FFFD.
Invalid UTF-8 byte or sequence at line 245 replaced by U+FFFD.
Invalid UTF-8 byte or sequence at line 255 replaced by U+FFFD.
Invalid UTF-8 byte or sequence at line 255 replaced by U+FFFD.
Invalid UTF-8 byte or sequence at line 255 replaced by U+FFFD.
Invalid UTF-8 byte or sequence at line 255 replaced by U+FFFD.
Invalid UTF-8 byte or sequence at line 259 replaced by U+FFFD.
Invalid UTF-8 byte or sequence at line 267 replaced by U+FFFD.
Invalid UTF-8 byte or sequence at line 267 replaced by U+FFFD.
Invalid UTF-8 byte or sequence at line 269 replaced by U+FFFD.
Invalid UTF-8 byte or sequence at line 274 replaced by U+FFFD.
Invalid UTF-8 byte or sequence at line 285 replaced by U+FFFD.
Invalid UTF-8 byte or sequence at line 302 replaced by U+FFFD.
Invalid UTF-8 byte or sequence at line 303 replaced by U+FFFD.
Invalid UTF-8 byte or sequence at line 303 replaced by U+FFFD.
Invalid UTF-8 byte or sequence at line 318 replaced by U+FFFD.
Invalid UTF-8 byte or sequence at line 318 replaced by U+FFFD.
Invalid UTF-8 byte or sequence at line 318 replaced by U+FFFD.
Invalid UTF-8 byte or sequence at line 318 replaced by U+FFFD.
Invalid UTF-8 byte or sequence at line 332 replaced by U+FFFD.
Invalid UTF-8 byte or sequence at line 332 replaced by U+FFFD.
Invalid UTF-8 byte or sequence at line 332 replaced by U+FFFD.
Invalid UTF-8 byte or sequence at line 338 replaced by U+FFFD.
Invalid UTF-8 byte or sequence at line 338 replaced by U+FFFD.
Invalid UTF-8 byte or sequence at line 353 replaced by U+FFFD.
Invalid UTF-8 byte or sequence at line 385 replaced by U+FFFD.
Invalid UTF-8 byte or sequence at line 404 replaced by U+FFFD.
Invalid UTF-8 byte or sequence at line 407 replaced by U+FFFD.
Invalid UTF-8 byte or sequence at line 452 replaced by U+FFFD.
Invalid UTF-8 byte or sequence at line 457 replaced by U+FFFD.
Invalid UTF-8 byte or sequence at line 514 replaced by U+FFFD.
Invalid UTF-8 byte or sequence at line 572 replaced by U+FFFD.
Invalid UTF-8 byte or sequence at line 573 replaced by U+FFFD.
Invalid UTF-8 byte or sequence at line 592 replaced by U+FFFD.
Invalid UTF-8 byte or sequence at line 595 replaced by U+FFFD.
Invalid UTF-8 byte or sequence at line 598 replaced by U+FFFD.
Invalid UTF-8 byte or sequence at line 621 replaced by U+FFFD.
Invalid UTF-8 byte or sequence at line 626 replaced by U+FFFD.
Invalid UTF-8 byte or sequence at line 630 replaced by U+FFFD.
Invalid UTF-8 byte or sequence at line 638 replaced by U+FFFD.
Invalid UTF-8 byte or sequence at line 642 replaced by U+FFFD.
Invalid UTF-8 byte or sequence at line 646 replaced by U+FFFD.
Invalid UTF-8 byte or sequence at line 648 replaced by U+FFFD.
Invalid UTF-8 byte or sequence at line 648 replaced by U+FFFD.
Invalid UTF-8 byte or sequence at line 654 replaced by U+FFFD.
Invalid UTF-8 byte or sequence at line 654 replaced by U+FFFD.
)
Package: systeme 2020/05/03 v0.34 Mise en forme de systemes d'equations (CT)
) (/usr/local/texlive/2023/texmf-dist/tex/latex/oberdiek/stackrel.sty
Package: stackrel 2016/05/16 v1.3 Adding subscript option to stackrel (HO)
 (/usr/local/texlive/2023/texmf-dist/tex/generic/etexcmds/etexcmds.sty
Package: etexcmds 2019/12/15 v1.7 Avoid name clashes with e-TeX commands (HO)
)) (/usr/local/texlive/2023/texmf-dist/tex/latex/booktabs/booktabs.sty
Package: booktabs 2020/01/12 v1.61803398 Publication quality tables
\heavyrulewidth=\dimen265
\lightrulewidth=\dimen266
\cmidrulewidth=\dimen267
\belowrulesep=\dimen268
\belowbottomsep=\dimen269
\aboverulesep=\dimen270
\abovetopsep=\dimen271
\cmidrulesep=\dimen272
\cmidrulekern=\dimen273
\defaultaddspace=\dimen274
\@cmidla=\count329
\@cmidlb=\count330
\@aboverulesep=\dimen275
\@belowrulesep=\dimen276
\@thisruleclass=\count331
\@lastruleclass=\count332
\@thisrulewidth=\dimen277
) (/usr/local/texlive/2023/texmf-dist/tex/latex/tools/tabularx.sty
Package: tabularx 2020/01/15 v2.11c `tabularx' package (DPC)
\TX@col@width=\dimen278
\TX@old@table=\dimen279
\TX@old@col=\dimen280
\TX@target=\dimen281
\TX@delta=\dimen282
\TX@cols=\count333
\TX@ftn=\toks45
)
(/usr/local/texlive/2023/texmf-dist/tex/latex/polynom/polynom.sty
Package: polynom 2017/07/17 0.19 (CH,HA)
\pld@currstage=\count334
) (/usr/local/texlive/2023/texmf-dist/tex/latex/fancybox/fancybox.sty
Package: fancybox 2010/05/15 1.4

Style option: `fancybox' v1.4 <2010/05/15> (tvz)
\@fancybox=\box74
\shadowsize=\dimen283
\@Sbox=\box75
\do@VerbBox=\toks46
\the@fancyput=\toks47
\this@fancyput=\toks48
\EndVerbatimTokens=\toks49
\Verbatim@Outfile=\write3
\Verbatim@Infile=\read2
) (/usr/local/texlive/2023/texmf-dist/tex/latex/enumitem/enumitem.sty
Package: enumitem 2019/06/20 v3.9 Customized lists
\labelindent=\skip65
\enit@outerparindent=\dimen284
\enit@toks=\toks50
\enit@inbox=\box76
\enit@count@id=\count335
\enitdp@description=\count336
)
\c@exercise=\count337
 (/usr/local/texlive/2023/texmf-dist/tex/latex/oberdiek/colonequals.sty
Package: colonequals 2016/05/16 v1.1 Colon equals symbols (HO)
) (/usr/local/texlive/2023/texmf-dist/tex/latex/makecell/makecell.sty
Package: makecell 2009/08/03 V0.1e Managing of Tab Column Heads and Cells
\rotheadsize=\dimen285
\c@nlinenum=\count338
\TeXr@lab=\toks51
) (/usr/local/texlive/2023/texmf-dist/tex/latex/xcolor/xcolor.sty
Package: xcolor 2022/06/12 v2.14 LaTeX color extensions (UK)
 (/usr/local/texlive/2023/texmf-dist/tex/latex/graphics-cfg/color.cfg
File: color.cfg 2016/01/02 v1.6 sample color configuration
)
Package xcolor Info: Driver file: xetex.def on input line 227.
 (/usr/local/texlive/2023/texmf-dist/tex/latex/graphics/mathcolor.ltx)
Package xcolor Info: Model `cmy' substituted by `cmy0' on input line 1353.
Package xcolor Info: Model `RGB' extended on input line 1369.
Package xcolor Info: Model `HTML' substituted by `rgb' on input line 1371.
Package xcolor Info: Model `Hsb' substituted by `hsb' on input line 1372.
Package xcolor Info: Model `tHsb' substituted by `hsb' on input line 1373.
Package xcolor Info: Model `HSB' substituted by `hsb' on input line 1374.
Package xcolor Info: Model `Gray' substituted by `gray' on input line 1375.
Package xcolor Info: Model `wave' substituted by `hsb' on input line 1376.
) (/usr/local/texlive/2023/texmf-dist/tex/latex/multirow/multirow.sty
Package: multirow 2021/03/15 v2.8 Span multiple rows of a table
\multirow@colwidth=\skip66
\multirow@cntb=\count339
\multirow@dima=\skip67
\bigstrutjot=\dimen286
) (/usr/local/texlive/2023/texmf-dist/tex/latex/tools/multicol.sty
Package: multicol 2023/03/30 v1.9f multicolumn formatting (FMi)
\c@tracingmulticols=\count340
\mult@box=\box77
\multicol@leftmargin=\dimen287
\c@unbalance=\count341
\c@collectmore=\count342
\doublecol@number=\count343
\multicoltolerance=\count344
\multicolpretolerance=\count345
\full@width=\dimen288
\page@free=\dimen289
\premulticols=\dimen290
\postmulticols=\dimen291
\multicolsep=\skip68
\multicolbaselineskip=\skip69
\partial@page=\box78
\last@line=\box79
\mc@boxedresult=\box80
\maxbalancingoverflow=\dimen292
\mult@rightbox=\box81
\mult@grightbox=\box82
\mult@firstbox=\box83
\mult@gfirstbox=\box84
\@tempa=\box85
\@tempa=\box86
\@tempa=\box87
\@tempa=\box88
\@tempa=\box89
\@tempa=\box90
\@tempa=\box91
\@tempa=\box92
\@tempa=\box93
\@tempa=\box94
\@tempa=\box95
\@tempa=\box96
\@tempa=\box97
\@tempa=\box98
\@tempa=\box99
\@tempa=\box100
\@tempa=\box101
\@tempa=\box102
\@tempa=\box103
\@tempa=\box104
\@tempa=\box105
\@tempa=\box106
\@tempa=\box107
\@tempa=\box108
\@tempa=\box109
\@tempa=\box110
\@tempa=\box111
\@tempa=\box112
\@tempa=\box113
\@tempa=\box114
\@tempa=\box115
\@tempa=\box116
\@tempa=\box117
\@tempa=\box118
\@tempa=\box119
\@tempa=\box120
\c@minrows=\count346
\c@columnbadness=\count347
\c@finalcolumnbadness=\count348
\last@try=\dimen293
\multicolovershoot=\dimen294
\multicolundershoot=\dimen295
\mult@nat@firstbox=\box121
\colbreak@box=\box122
\mc@col@check@num=\count349
) (/usr/local/texlive/2023/texmf-dist/tex/latex/listings/listings.sty
\lst@mode=\count350
\lst@gtempboxa=\box123
\lst@token=\toks52
\lst@length=\count351
\lst@currlwidth=\dimen296
\lst@column=\count352
\lst@pos=\count353
\lst@lostspace=\dimen297
\lst@width=\dimen298
\lst@newlines=\count354
\lst@lineno=\count355
\lst@maxwidth=\dimen299
 (/usr/local/texlive/2023/texmf-dist/tex/latex/listings/lstmisc.sty
File: lstmisc.sty 2023/02/27 1.9 (Carsten Heinz)
\c@lstnumber=\count356
\lst@skipnumbers=\count357
\lst@framebox=\box124
) (/usr/local/texlive/2023/texmf-dist/tex/latex/listings/listings.cfg
File: listings.cfg 2023/02/27 1.9 listings configuration
))
Package: listings 2023/02/27 1.9 (Carsten Heinz)
 (/usr/local/texlive/2023/texmf-dist/tex/latex/import/import.sty
Package: import 2020/04/01  v 6.2
) (/usr/local/texlive/2023/texmf-dist/tex/latex/float/float.sty
Package: float 2001/11/08 v1.3d Float enhancements (AL)
\c@float@type=\count358
\float@exts=\toks53
\float@box=\box125
\@float@everytoks=\toks54
\@floatcapt=\box126
)) (/Users/giannistsagaropoulos/Documents/Work/Μητρούλη/Computer_Graphics_Book/Computer-Graphics-Book/.texpadtmp/Computer-Graphics-Book.aux (/Users/giannistsagaropoulos/Documents/Work/Μητρούλη/Computer_Graphics_Book/Computer-Graphics-Book/.texpadtmp/titlepage.aux) (/Users/giannistsagaropoulos/Documents/Work/Μητρούλη/Computer_Graphics_Book/Computer-Graphics-Book/.texpadtmp/Chapters/Graphics-History/Graphics-History.aux)

LaTeX Warning: Label `eq:1' multiply defined.

)
\openout1 = `Computer-Graphics-Book.aux'.

LaTeX Font Info:    Checking defaults for OML/cmm/m/it on input line 3.
LaTeX Font Info:    ... okay on input line 3.
LaTeX Font Info:    Checking defaults for OMS/cmsy/m/n on input line 3.
LaTeX Font Info:    ... okay on input line 3.
LaTeX Font Info:    Checking defaults for OT1/cmr/m/n on input line 3.
LaTeX Font Info:    ... okay on input line 3.
LaTeX Font Info:    Checking defaults for T1/cmr/m/n on input line 3.
LaTeX Font Info:    ... okay on input line 3.
LaTeX Font Info:    Checking defaults for TS1/cmr/m/n on input line 3.
LaTeX Font Info:    Trying to load font information for TS1+cmr on input line 3.
 (/usr/local/texlive/2023/texmf-dist/tex/latex/base/ts1cmr.fd
File: ts1cmr.fd 2023/04/13 v2.5m Standard LaTeX font definitions
)
LaTeX Font Info:    ... okay on input line 3.
LaTeX Font Info:    Checking defaults for TU/lmr/m/n on input line 3.
LaTeX Font Info:    ... okay on input line 3.
LaTeX Font Info:    Checking defaults for OMX/cmex/m/n on input line 3.
LaTeX Font Info:    ... okay on input line 3.
LaTeX Font Info:    Checking defaults for U/cmr/m/n on input line 3.
LaTeX Font Info:    ... okay on input line 3.
LaTeX Font Info:    Checking defaults for T3/cmr/m/n on input line 3.
LaTeX Font Info:    Trying to load font information for T3+cmr on input line 3.
 (/usr/local/texlive/2023/texmf-dist/tex/latex/tipa/t3cmr.fd
File: t3cmr.fd 2001/12/31 TIPA font definitions
)
LaTeX Font Info:    ... okay on input line 3.
LaTeX Font Info:    Checking defaults for PD1/pdf/m/n on input line 3.
LaTeX Font Info:    ... okay on input line 3.
LaTeX Font Info:    Checking defaults for PU/pdf/m/n on input line 3.
LaTeX Font Info:    ... okay on input line 3.

*geometry* driver: auto-detecting
*geometry* detected driver: xetex
*geometry* verbose mode - [ preamble ] result:
* driver: xetex
* paper: a4paper
* layout: <same size as paper>
* layoutoffset:(h,v)=(0.0pt,0.0pt)
* modes: twoside 
* h-part:(L,W,R)=(56.90552pt, 455.24408pt, 85.35828pt)
* v-part:(T,H,B)=(71.13188pt, 702.78308pt, 71.13188pt)
* \paperwidth=597.50787pt
* \paperheight=845.04684pt
* \textwidth=455.24408pt
* \textheight=702.78308pt
* \oddsidemargin=-15.36447pt
* \evensidemargin=13.08829pt
* \topmargin=-33.0119pt
* \headheight=12.0pt
* \headsep=19.8738pt
* \topskip=11.0pt
* \footskip=27.46295pt
* \marginparwidth=116.0pt
* \marginparsep=7.0pt
* \columnsep=10.0pt
* \skip\footins=10.0pt plus 4.0pt minus 2.0pt
* \hoffset=0.0pt
* \voffset=0.0pt
* \mag=1000
* \@twocolumnfalse
* \@twosidetrue
* \@mparswitchtrue
* \@reversemarginfalse
* (1in=72.27pt=25.4mm, 1cm=28.453pt)


Package fontspec Info: Adjusting the maths setup (use [no-math] to avoid
(fontspec)             this).

\symlegacymaths=\mathgroup12
LaTeX Font Info:    Overwriting symbol font `legacymaths' in version `bold'
(Font)                  OT1/cmr/m/n --> OT1/cmr/bx/n on input line 3.
LaTeX Font Info:    Redeclaring math accent \acute on input line 3.
LaTeX Font Info:    Redeclaring math accent \grave on input line 3.
LaTeX Font Info:    Redeclaring math accent \ddot on input line 3.
LaTeX Font Info:    Redeclaring math accent \tilde on input line 3.
LaTeX Font Info:    Redeclaring math accent \bar on input line 3.
LaTeX Font Info:    Redeclaring math accent \breve on input line 3.
LaTeX Font Info:    Redeclaring math accent \check on input line 3.
LaTeX Font Info:    Redeclaring math accent \hat on input line 3.
LaTeX Font Info:    Redeclaring math accent \dot on input line 3.
LaTeX Font Info:    Redeclaring math accent \mathring on input line 3.
LaTeX Font Info:    Redeclaring math symbol \Gamma on input line 3.
LaTeX Font Info:    Redeclaring math symbol \Delta on input line 3.
LaTeX Font Info:    Redeclaring math symbol \Theta on input line 3.
LaTeX Font Info:    Redeclaring math symbol \Lambda on input line 3.
LaTeX Font Info:    Redeclaring math symbol \Xi on input line 3.
LaTeX Font Info:    Redeclaring math symbol \Pi on input line 3.
LaTeX Font Info:    Redeclaring math symbol \Sigma on input line 3.
LaTeX Font Info:    Redeclaring math symbol \Upsilon on input line 3.
LaTeX Font Info:    Redeclaring math symbol \Phi on input line 3.
LaTeX Font Info:    Redeclaring math symbol \Psi on input line 3.
LaTeX Font Info:    Redeclaring math symbol \Omega on input line 3.
LaTeX Font Info:    Redeclaring math symbol \mathdollar on input line 3.
LaTeX Font Info:    Redeclaring symbol font `operators' on input line 3.
LaTeX Font Info:    Encoding `OT1' has changed to `TU' for symbol font
(Font)              `operators' in the math version `normal' on input line 3.
LaTeX Font Info:    Overwriting symbol font `operators' in version `normal'
(Font)                  OT1/cmr/m/n --> TU/TimesNewRoman(0)/m/n on input line 3.
LaTeX Font Info:    Encoding `OT1' has changed to `TU' for symbol font
(Font)              `operators' in the math version `bold' on input line 3.
LaTeX Font Info:    Overwriting symbol font `operators' in version `bold'
(Font)                  OT1/cmr/bx/n --> TU/TimesNewRoman(0)/m/n on input line 3.
LaTeX Font Info:    Overwriting symbol font `operators' in version `normal'
(Font)                  TU/TimesNewRoman(0)/m/n --> TU/TimesNewRoman(0)/m/n on input line 3.
LaTeX Font Info:    Overwriting math alphabet `\mathit' in version `normal'
(Font)                  OT1/cmr/m/it --> TU/TimesNewRoman(0)/m/it on input line 3.
LaTeX Font Info:    Overwriting math alphabet `\mathbf' in version `normal'
(Font)                  OT1/cmr/bx/n --> TU/TimesNewRoman(0)/b/n on input line 3.
LaTeX Font Info:    Overwriting math alphabet `\mathsf' in version `normal'
(Font)                  OT1/cmss/m/n --> TU/Futura(0)/m/n on input line 3.
LaTeX Font Info:    Overwriting math alphabet `\mathtt' in version `normal'
(Font)                  OT1/cmtt/m/n --> TU/lmtt/m/n on input line 3.
LaTeX Font Info:    Overwriting symbol font `operators' in version `bold'
(Font)                  TU/TimesNewRoman(0)/m/n --> TU/TimesNewRoman(0)/b/n on input line 3.
LaTeX Font Info:    Overwriting math alphabet `\mathit' in version `bold'
(Font)                  OT1/cmr/bx/it --> TU/TimesNewRoman(0)/b/it on input line 3.
LaTeX Font Info:    Overwriting math alphabet `\mathsf' in version `bold'
(Font)                  OT1/cmss/bx/n --> TU/Futura(0)/b/n on input line 3.
LaTeX Font Info:    Overwriting math alphabet `\mathtt' in version `bold'
(Font)                  OT1/cmtt/m/n --> TU/lmtt/b/n on input line 3.
The property list \__xpg_alias contains the pairs (without outer braces):
>  {latex/target}  =>  {latex}
>  {grc/target}  =>  {greek}
>  {grc/variant}  =>  {ancient}
>  {grc/options}  =>  {variant=ancient}
>  {el-polyton/target}  =>  {greek}
>  {el-polyton/options}  =>  {varant=polytonic}
>  {el-monoton/target}  =>  {greek}
>  {el-monoton/variant}  =>  {monotonic}
>  {el-monoton/options}  =>  {variant=monotonic}
>  {el/target}  =>  {greek}
>  {polutonikogreek/target}  =>  {greek}
>  {polutonikogreek/variant}  =>  {polytonic}
>  {polutonikogreek/options}  =>  {variant=polytonic}
>  {english/target}  =>  {english}
>  {en/target}  =>  {english}
>  {en-AU/target}  =>  {english}
>  {en-AU/variant}  =>  {australian}
>  {en-AU/options}  =>  {variant=australian}
>  {en-CA/target}  =>  {english}
>  {en-CA/variant}  =>  {canadian}
>  {en-CA/options}  =>  {variant=canadian}
>  {en-GB/target}  =>  {english}
>  {en-GB/variant}  =>  {british}
>  {en-GB/options}  =>  {variant=british}
>  {en-NZ/target}  =>  {english}
>  {en-NZ/variant}  =>  {newzealand}
>  {en-NZ/options}  =>  {variant=newzealand}
>  {en-US/target}  =>  {english}
>  {en-US/variant}  =>  {us}
>  {en-US/options}  =>  {variant=us}
>  {american/target}  =>  {english}
>  {american/variant}  =>  {us}
>  {american/options}  =>  {variant=us}
>  {australian/target}  =>  {english}
>  {australian/variant}  =>  {australian}
>  {australian/options}  =>  {variant=australian}
>  {british/target}  =>  {english}
>  {british/variant}  =>  {british}
>  {british/options}  =>  {variant=british}
>  {canadian/target}  =>  {english}
>  {canadian/variant}  =>  {canadian}
>  {canadian/options}  =>  {variant=canadian}
>  {newzealand/target}  =>  {english}
>  {newzealand/variant}  =>  {newzealand}
>  {newzealand/options}  =>  {variant=newzealand}
>  {greek/target}  =>  {greek}.
Package hyperref Info: Link coloring OFF on input line 3.
(/Users/giannistsagaropoulos/Documents/Work/Μητρούλη/Computer_Graphics_Book/Computer-Graphics-Book/.texpadtmp/Computer-Graphics-Book.out) (/Users/giannistsagaropoulos/Documents/Work/Μητρούλη/Computer_Graphics_Book/Computer-Graphics-Book/.texpadtmp/Computer-Graphics-Book.out)
\@outlinefile=\write4
\openout4 = `Computer-Graphics-Book.out'.

Package caption Info: Begin \AtBeginDocument code.
Package caption Info: float package is loaded.
Package caption Info: listings package is loaded.
Package caption Info: End \AtBeginDocument code.


Package siunitx Warning: Detected the "physics" package:
(siunitx)                omitting definition of \qty.
(siunitx)                
(siunitx)                If you want to use \qty with the siunitx definition,
(siunitx)                add 
(siunitx)                
(siunitx)                    \AtBeginDocument{\RenewCommandCopy\qty\SI}
(siunitx)                
(siunitx)                to your preamble.

(/usr/local/texlive/2023/texmf-dist/tex/latex/translations/translations-basic-dictionary-english.trsl
File: translations-basic-dictionary-english.trsl (english translation file `translations-basic-dictionary')
)
Package translations Info: loading dictionary `translations-basic-dictionary' for `english'. on input line 3.
\c@lstlisting=\count359
Package polyglossia Info: Option: Greek, variant=mono.
Package polyglossia Info: Option: Greek, variant=mono.
LaTeX Info: Redefining \rmfamily on input line 3.
LaTeX Info: Redefining \sffamily on input line 3.
LaTeX Info: Redefining \ttfamily on input line 3.
Package polyglossia Info: Option: Greek, variant=mono.
Package polyglossia Info: Option: Greek, variant=mono.
\openout2 = `titlepage.aux'.

 (./titlepage.tex
LaTeX Font Info:    Trying to load font information for U+msa on input line 5.
 (/usr/local/texlive/2023/texmf-dist/tex/latex/amsfonts/umsa.fd
File: umsa.fd 2013/01/14 v3.01 AMS symbols A
)
LaTeX Font Info:    Trying to load font information for U+msb on input line 5.
 (/usr/local/texlive/2023/texmf-dist/tex/latex/amsfonts/umsb.fd
File: umsb.fd 2013/01/14 v3.01 AMS symbols B
)
LaTeX Font Info:    Trying to load font information for U+rsfs on input line 5.
 (/usr/local/texlive/2023/texmf-dist/tex/latex/jknapltx/ursfs.fd
File: ursfs.fd 1998/03/24 rsfs font definition file (jk)
)
LaTeX Font Info:    Trying to load font information for U+esint on input line 5.
 (/usr/local/texlive/2023/texmf-dist/tex/latex/esint/uesint.fd
File: uesint.fd 
)
LaTeX Font Info:    Trying to load font information for U+esvect on input line 5.
 (/usr/local/texlive/2023/texmf-dist/tex/latex/esvect/uesvect.fd
File: uesvect.fd 
) [1



])
LaTeX Font Info:    Font shape `TU/TimesNewRoman(1)/m/sl' in size <10.95> not available
(Font)              Font shape `TU/TimesNewRoman(1)/m/it' tried instead on input line 7.
 [2



] (/Users/giannistsagaropoulos/Documents/Work/Μητρούλη/Computer_Graphics_Book/Computer-Graphics-Book/.texpadtmp/Computer-Graphics-Book.toc
Package polyglossia Info: Option: Greek, variant=mono.
Package polyglossia Info: Option: Greek, variant=mono.
LaTeX Info: Redefining \rmfamily on input line 2.
LaTeX Info: Redefining \sffamily on input line 2.
LaTeX Info: Redefining \ttfamily on input line 2.
Package polyglossia Info: Option: Greek, variant=mono.
Package polyglossia Info: Option: Greek, variant=mono.
)
\tf@toc=\write5
\openout5 = `Computer-Graphics-Book.toc'.

 [3]
\openout2 = `Chapters/Graphics-History/Graphics-History.aux'.

 (./Chapters/Graphics-History/Graphics-History.tex [4


]
Κεφάλαιο 1.
File: ./Figures//History/timelapse.pdf Graphic file (type pdf)
<use ./Figures//History/timelapse.pdf>

Overfull \hbox (55.48068pt too wide) in paragraph at lines 22--23
 [] 
 []


Package hyperref Warning: Difference (2) between bookmark levels is greater 
(hyperref)                than one, level fixed on input line 33.

[5]
File: ./Figures/History/pixel-grid.pdf Graphic file (type pdf)
<use ./Figures/History/pixel-grid.pdf>
 [6]
File: ./Figures/History/jaggers.pdf Graphic file (type pdf)
<use ./Figures/History/jaggers.pdf>
) [7] (./Chapters/Chapter_1/chapter1.tex [8



]
Κεφάλαιο 2.
File: ./Figures/History/pixel-grid.pdf Graphic file (type pdf)
<use ./Figures/History/pixel-grid.pdf>
[9] (./Chapters/Chapter_1/plot-line.tex
Package hyperref Info: bookmark level for unknown lstlisting defaults to 0 on input line 17.


Package polyglossia Warning: Asking to add empty feature to latin font(Script="latin" to scripttag "") on input line 17.


Package polyglossia Warning: Asking to add empty feature to latin font (Language="Greek" to langtag "") on input line 17.

LaTeX Font Info:    Font shape `TU/lmtt/bx/n' in size <10> not available
(Font)              Font shape `TU/lmtt/b/n' tried instead on input line 18.
[10]
File: ./Figures/Chapter1/Plot-Line/application1a.pdf Graphic file (type pdf)
<use ./Figures/Chapter1/Plot-Line/application1a.pdf>
File: ./Figures/Chapter1/Plot-Line/application1b.pdf Graphic file (type pdf)
<use ./Figures/Chapter1/Plot-Line/application1b.pdf>
File: ./Figures/Chapter1/Plot-Line/application1c.pdf Graphic file (type pdf)
<use ./Figures/Chapter1/Plot-Line/application1c.pdf>
 [11]

Package polyglossia Warning: Asking to add empty feature to latin font(Script="latin" to scripttag "") on input line 135.


Package polyglossia Warning: Asking to add empty feature to latin font (Language="Greek" to langtag "") on input line 135.

) (./Chapters/Chapter_1/bresenham-line.tex
Underfull \vbox (badness 1400) has occurred while \output is active []

 [12]
File: ./Figures/Chapter1/Bresenham/octamoriums.pdf Graphic file (type pdf)
<use ./Figures/Chapter1/Bresenham/octamoriums.pdf>
File: ./Figures/Chapter1/Bresenham/bresenham-stepwise/bresenham-zero.pdf Graphic file (type pdf)
<use ./Figures/Chapter1/Bresenham/bresenham-stepwise/bresenham-zero.pdf>


Package hyperref Warning: Token not allowed in a PDF string (Unicode):
(hyperref)                removing `math shift' on input line 38.


Package hyperref Warning: Token not allowed in a PDF string (Unicode):
(hyperref)                removing `\epsilon' on input line 38.


Package hyperref Warning: Token not allowed in a PDF string (Unicode):
(hyperref)                removing `subscript' on input line 38.


Package hyperref Warning: Token not allowed in a PDF string (Unicode):
(hyperref)                removing `math shift' on input line 38.


Underfull \vbox (badness 3189) has occurred while \output is active []

 [13]
File: ./Figures/Chapter1/Bresenham/bresenham-stepwise/bresenham-first-step.pdf Graphic file (type pdf)
<use ./Figures/Chapter1/Bresenham/bresenham-stepwise/bresenham-first-step.pdf>
 [14]
File: ./Figures/Chapter1/Bresenham/bresenham-stepwise/bresenham-first-step.pdf Graphic file (type pdf)
<use ./Figures/Chapter1/Bresenham/bresenham-stepwise/bresenham-first-step.pdf>
File: ./Figures/Chapter1/Bresenham/bresenham-stepwise/bresenham-second-step.pdf Graphic file (type pdf)
<use ./Figures/Chapter1/Bresenham/bresenham-stepwise/bresenham-second-step.pdf>
File: ./Figures/Chapter1/Bresenham/bresenham-stepwise/bresenham-third-step.pdf Graphic file (type pdf)
<use ./Figures/Chapter1/Bresenham/bresenham-stepwise/bresenham-third-step.pdf>
File: ./Figures/Chapter1/Bresenham/bresenham-stepwise/bresenham-fourth-step.pdf Graphic file (type pdf)
<use ./Figures/Chapter1/Bresenham/bresenham-stepwise/bresenham-fourth-step.pdf>


LaTeX Warning: `!h' float specifier changed to `!ht'.


Package polyglossia Warning: Asking to add empty feature to latin font(Script="latin" to scripttag "") on input line 194.


Package polyglossia Warning: Asking to add empty feature to latin font (Language="Greek" to langtag "") on input line 194.


Package polyglossia Warning: Asking to add empty feature to latin font(Script="latin" to scripttag "") on input line 207.


Package polyglossia Warning: Asking to add empty feature to latin font (Language="Greek" to langtag "") on input line 207.

[15]

Package polyglossia Warning: Asking to add empty feature to latin font(Script="latin" to scripttag "") on input line 218.


Package polyglossia Warning: Asking to add empty feature to latin font (Language="Greek" to langtag "") on input line 218.


Package polyglossia Warning: Asking to add empty feature to latin font(Script="latin" to scripttag "") on input line 221.


Package polyglossia Warning: Asking to add empty feature to latin font (Language="Greek" to langtag "") on input line 221.

[16]
File: ./Figures/Chapter1/Bresenham/axis-transformation/figure1.pdf Graphic file (type pdf)
<use ./Figures/Chapter1/Bresenham/axis-transformation/figure1.pdf>


LaTeX Warning: `!h' float specifier changed to `!ht'.

File: ./Figures/Chapter1/Bresenham/axis-transformation/figure2a.pdf Graphic file (type pdf)
<use ./Figures/Chapter1/Bresenham/axis-transformation/figure2a.pdf>
File: ./Figures/Chapter1/Bresenham/axis-transformation/figure2b.pdf Graphic file (type pdf)
<use ./Figures/Chapter1/Bresenham/axis-transformation/figure2b.pdf>

Package caption Warning: The option `hypcap=true' will be ignored for this
(caption)                particular \caption on input line 284.
See the caption package documentation for explanation.


Overfull \hbox (10.95pt too wide) in paragraph at lines 273--289
[]$[]$
 []


Underfull \vbox (badness 10000) has occurred while \output is active []

 [17]
File: ./Figures/Chapter1/Bresenham/axis-transformation/figure3a.pdf Graphic file (type pdf)
<use ./Figures/Chapter1/Bresenham/axis-transformation/figure3a.pdf>
File: ./Figures/Chapter1/Bresenham/axis-transformation/figure3b.pdf Graphic file (type pdf)
<use ./Figures/Chapter1/Bresenham/axis-transformation/figure3b.pdf>


Package caption Warning: The option `hypcap=true' will be ignored for this
(caption)                particular \caption on input line 302.
See the caption package documentation for explanation.


Overfull \hbox (10.95pt too wide) in paragraph at lines 291--304
[]$[]$ 
 []


Underfull \vbox (badness 10000) has occurred while \output is active []

 [18]
File: ./Figures/Chapter1/Bresenham/symmetries/symmetry-2nd.pdf Graphic file (type pdf)
<use ./Figures/Chapter1/Bresenham/symmetries/symmetry-2nd.pdf>
File: ./Figures/Chapter1/Bresenham/symmetries/bresenham-2nd.pdf Graphic file (type pdf)
<use ./Figures/Chapter1/Bresenham/symmetries/bresenham-2nd.pdf>


Package caption Warning: The option `hypcap=true' will be ignored for this
(caption)                particular \caption on input line 325.
See the caption package documentation for explanation.


Overfull \hbox (10.95pt too wide) in paragraph at lines 314--327
[]$[]$ 
 []


Package polyglossia Warning: Asking to add empty feature to latin font(Script="latin" to scripttag "") on input line 328.


Package polyglossia Warning: Asking to add empty feature to latin font (Language="Greek" to langtag "") on input line 328.


Package polyglossia Warning: Asking to add empty feature to latin font(Script="latin" to scripttag "") on input line 334.


Package polyglossia Warning: Asking to add empty feature to latin font (Language="Greek" to langtag "") on input line 334.

[19]
File: ./Figures/Chapter1/Bresenham/symmetries/symmetry-3rd.pdf Graphic file (type pdf)
<use ./Figures/Chapter1/Bresenham/symmetries/symmetry-3rd.pdf>
File: ./Figures/Chapter1/Bresenham/symmetries/bresenham-3rd.pdf Graphic file (type pdf)
<use ./Figures/Chapter1/Bresenham/symmetries/bresenham-3rd.pdf>


Package caption Warning: The option `hypcap=true' will be ignored for this
(caption)                particular \caption on input line 356.
See the caption package documentation for explanation.


Overfull \hbox (10.95pt too wide) in paragraph at lines 345--358
[]$[]$ 
 []


Package polyglossia Warning: Asking to add empty feature to latin font(Script="latin" to scripttag "") on input line 359.


Package polyglossia Warning: Asking to add empty feature to latin font (Language="Greek" to langtag "") on input line 359.

File: ./Figures/Chapter1/Bresenham/symmetries/symmetry-4th.pdf Graphic file (type pdf)
<use ./Figures/Chapter1/Bresenham/symmetries/symmetry-4th.pdf>
File: ./Figures/Chapter1/Bresenham/symmetries/bresenham-4th.pdf Graphic file (type pdf)
<use ./Figures/Chapter1/Bresenham/symmetries/bresenham-4th.pdf>

Package caption Warning: The option `hypcap=true' will be ignored for this
(caption)                particular \caption on input line 391.
See the caption package documentation for explanation.


Overfull \hbox (10.95pt too wide) in paragraph at lines 380--393
[]$[]$ 
 []


Underfull \vbox (badness 3333) has occurred while \output is active []

 [20]

Package polyglossia Warning: Asking to add empty feature to latin font(Script="latin" to scripttag "") on input line 394.


Package polyglossia Warning: Asking to add empty feature to latin font (Language="Greek" to langtag "") on input line 394.


Package polyglossia Warning: Asking to add empty feature to latin font(Script="latin" to scripttag "") on input line 410.


Package polyglossia Warning: Asking to add empty feature to latin font (Language="Greek" to langtag "") on input line 410.


Package polyglossia Warning: Asking to add empty feature to latin font(Script="latin" to scripttag "") on input line 433.


Package polyglossia Warning: Asking to add empty feature to latin font (Language="Greek" to langtag "") on input line 433.

[21]) (./Chapters/Chapter_1/circle.tex

Package polyglossia Warning: Asking to add empty feature to latin font(Script="latin" to scripttag "") on input line 19.


Package polyglossia Warning: Asking to add empty feature to latin font (Language="Greek" to langtag "") on input line 19.


Package polyglossia Warning: Asking to add empty feature to latin font(Script="latin" to scripttag "") on input line 29.


Package polyglossia Warning: Asking to add empty feature to latin font (Language="Greek" to langtag "") on input line 29.

[22]
File: ./Figures/Chapter1/Circle/plot-circle.pdf Graphic file (type pdf)
<use ./Figures/Chapter1/Circle/plot-circle.pdf>


Package polyglossia Warning: Asking to add empty feature to latin font(Script="latin" to scripttag "") on input line 51.


Package polyglossia Warning: Asking to add empty feature to latin font (Language="Greek" to langtag "") on input line 51.

Missing character: There is no π (U+03C0) in font [lmmono10-regular]:!
Missing character: There is no π (U+03C0) in font [lmmono10-regular]:!

Package polyglossia Warning: Asking to add empty feature to latin font(Script="latin" to scripttag "") on input line 64.


Package polyglossia Warning: Asking to add empty feature to latin font (Language="Greek" to langtag "") on input line 64.

[23]
File: ./Figures/Chapter1/Circle/circle-parametric.pdf Graphic file (type pdf)
<use ./Figures/Chapter1/Circle/circle-parametric.pdf>


Package polyglossia Warning: Asking to add empty feature to latin font(Script="latin" to scripttag "") on input line 81.


Package polyglossia Warning: Asking to add empty feature to latin font (Language="Greek" to langtag "") on input line 81.

File: ./Figures/Chapter1/Circle/8-street.pdf Graphic file (type pdf)
<use ./Figures/Chapter1/Circle/8-street.pdf>

LaTeX Warning: `!h' float specifier changed to `!ht'.

File: ./Figures/Chapter1/Circle/circle-next-step.pdf Graphic file (type pdf)
<use ./Figures/Chapter1/Circle/circle-next-step.pdf>

Underfull \vbox (badness 4168) has occurred while \output is active []

 [24] [25] [26]

Package polyglossia Warning: Asking to add empty feature to latin font(Script="latin" to scripttag "") on input line 214.


Package polyglossia Warning: Asking to add empty feature to latin font (Language="Greek" to langtag "") on input line 214.

File: ./Figures/Chapter1/Circle/bresenham-circle-example.pdf Graphic file (type pdf)
<use ./Figures/Chapter1/Circle/bresenham-circle-example.pdf>
File: ./Figures/Chapter1/Circle/circle-complexity.pdf Graphic file (type pdf)
<use ./Figures/Chapter1/Circle/circle-complexity.pdf>

Package polyglossia Warning: Asking to add empty feature to latin font(Script="latin" to scripttag "") on input line 275.


Package polyglossia Warning: Asking to add empty feature to latin font (Language="Greek" to langtag "") on input line 275.


Package polyglossia Warning: Asking to add empty feature to latin font(Script="latin" to scripttag "") on input line 276.


Package polyglossia Warning: Asking to add empty feature to latin font (Language="Greek" to langtag "") on input line 276.

[27]) [28] (./Chapters/Chapter_1/chapter1-exercises.tex (./Chapters/Chapter_1/Exercises/ex1.tex [29]
File: ./Figures/Chapter1/Exercises/ex1-graph.pdf Graphic file (type pdf)
<use ./Figures/Chapter1/Exercises/ex1-graph.pdf>
) (./Chapters/Chapter_1/Exercises/ex2.tex

Package polyglossia Warning: Asking to add empty feature to latin font(Script="latin" to scripttag "") on input line 9.


Package polyglossia Warning: Asking to add empty feature to latin font (Language="Greek" to langtag "") on input line 9.


Package polyglossia Warning: Asking to add empty feature to latin font(Script="latin" to scripttag "") on input line 24.


Package polyglossia Warning: Asking to add empty feature to latin font (Language="Greek" to langtag "") on input line 24.

[30]) (./Chapters/Chapter_1/Exercises/ex3.tex

Package polyglossia Warning: Asking to add empty feature to latin font(Script="latin" to scripttag "") on input line 11.


Package polyglossia Warning: Asking to add empty feature to latin font (Language="Greek" to langtag "") on input line 11.

[31]

Package polyglossia Warning: Asking to add empty feature to latin font(Script="latin" to scripttag "") on input line 22.


Package polyglossia Warning: Asking to add empty feature to latin font (Language="Greek" to langtag "") on input line 22.

) (./Chapters/Chapter_1/Exercises/ex4.tex
File: ./Figures/Chapter1/Exercises/ex4/graph1.pdf Graphic file (type pdf)
<use ./Figures/Chapter1/Exercises/ex4/graph1.pdf>
 [32]
File: ./Figures/Chapter1/Exercises/ex4/graph2.pdf Graphic file (type pdf)
<use ./Figures/Chapter1/Exercises/ex4/graph2.pdf>
File: ./Figures/Chapter1/Exercises/ex4/graph3.pdf Graphic file (type pdf)
<use ./Figures/Chapter1/Exercises/ex4/graph3.pdf>


LaTeX Warning: `!h' float specifier changed to `!ht'.


Package polyglossia Warning: Asking to add empty feature to latin font(Script="latin" to scripttag "") on input line 131.


Package polyglossia Warning: Asking to add empty feature to latin font (Language="Greek" to langtag "") on input line 131.

) (./Chapters/Chapter_1/Exercises/ex5.tex

Package polyglossia Warning: Asking to add empty feature to latin font(Script="latin" to scripttag "") on input line 8.


Package polyglossia Warning: Asking to add empty feature to latin font (Language="Greek" to langtag "") on input line 8.

[33]

Package polyglossia Warning: Asking to add empty feature to latin font(Script="latin" to scripttag "") on input line 10.


Package polyglossia Warning: Asking to add empty feature to latin font (Language="Greek" to langtag "") on input line 10.

Missing character: There is no ≥ (U+2265) in font [lmmono10-regular]:!
) (./Chapters/Chapter_1/Exercises/ex6.tex [34]) (./Chapters/Chapter_1/Exercises/ex7.tex
Missing character: There is no ι ("3B9) in font cmmi8!
) (./Chapters/Chapter_1/Exercises/ex8.tex [35]) (./Chapters/Chapter_1/Exercises/ex9.tex) (./Chapters/Chapter_1/Exercises/ex10.tex) (./Chapters/Chapter_1/Exercises/ex11.tex) (./Chapters/Chapter_1/Exercises/ex12.tex
Missing character: There is no Κ ("39A) in font cmmi10!
Missing character: There is no Κ ("39A) in font cmmi10!

Package polyglossia Warning: Asking to add empty feature to latin font(Script="latin" to scripttag "") on input line 8.


Package polyglossia Warning: Asking to add empty feature to latin font (Language="Greek" to langtag "") on input line 8.

) (./Chapters/Chapter_1/Exercises/ex13.tex [36]
File: ./Figures/Chapter1/Exercises/ex13/graph1.pdf Graphic file (type pdf)
<use ./Figures/Chapter1/Exercises/ex13/graph1.pdf>


Package polyglossia Warning: Asking to add empty feature to latin font(Script="latin" to scripttag "") on input line 27.


Package polyglossia Warning: Asking to add empty feature to latin font (Language="Greek" to langtag "") on input line 27.


Package polyglossia Warning: Asking to add empty feature to latin font(Script="latin" to scripttag "") on input line 46.


Package polyglossia Warning: Asking to add empty feature to latin font (Language="Greek" to langtag "") on input line 46.

[37] (/usr/local/texlive/2023/texmf-dist/tex/latex/listings/lstlang1.sty
File: lstlang1.sty 2023/02/27 1.9 listings language file
) (/usr/local/texlive/2023/texmf-dist/tex/latex/listings/lstlang2.sty
File: lstlang2.sty 2023/02/27 1.9 listings language file
) (/usr/local/texlive/2023/texmf-dist/tex/latex/listings/lstlang3.sty
File: lstlang3.sty 2023/02/27 1.9 listings language file
) (/usr/local/texlive/2023/texmf-dist/tex/latex/listings/lstlang1.sty
File: lstlang1.sty 2023/02/27 1.9 listings language file
) (/usr/local/texlive/2023/texmf-dist/tex/latex/listings/lstlang2.sty
File: lstlang2.sty 2023/02/27 1.9 listings language file
) (/usr/local/texlive/2023/texmf-dist/tex/latex/listings/lstlang3.sty
File: lstlang3.sty 2023/02/27 1.9 listings language file
) (/usr/local/texlive/2023/texmf-dist/tex/latex/listings/lstlang1.sty
File: lstlang1.sty 2023/02/27 1.9 listings language file
) (/usr/local/texlive/2023/texmf-dist/tex/latex/listings/lstlang2.sty
File: lstlang2.sty 2023/02/27 1.9 listings language file
) (/usr/local/texlive/2023/texmf-dist/tex/latex/listings/lstlang3.sty
File: lstlang3.sty 2023/02/27 1.9 listings language file
) (/usr/local/texlive/2023/texmf-dist/tex/latex/listings/lstmisc.sty
File: lstmisc.sty 2023/02/27 1.9 (Carsten Heinz)
)

Package polyglossia Warning: Asking to add empty feature to latin font(Script="latin" to scripttag "") on input line 71.


Package polyglossia Warning: Asking to add empty feature to latin font (Language="Greek" to langtag "") on input line 71.


Package polyglossia Warning: Asking to add empty feature to latin font(Script="latin" to scripttag "") on input line 82.


Package polyglossia Warning: Asking to add empty feature to latin font (Language="Greek" to langtag "") on input line 82.


Package polyglossia Warning: Asking to add empty feature to latin font(Script="latin" to scripttag "") on input line 91.


Package polyglossia Warning: Asking to add empty feature to latin font (Language="Greek" to langtag "") on input line 91.


Package polyglossia Warning: Asking to add empty feature to latin font(Script="latin" to scripttag "") on input line 101.


Package polyglossia Warning: Asking to add empty feature to latin font (Language="Greek" to langtag "") on input line 101.


Package polyglossia Warning: Asking to add empty feature to latin font(Script="latin" to scripttag "") on input line 110.


Package polyglossia Warning: Asking to add empty feature to latin font (Language="Greek" to langtag "") on input line 110.

[38]

Package polyglossia Warning: Asking to add empty feature to latin font(Script="latin" to scripttag "") on input line 120.


Package polyglossia Warning: Asking to add empty feature to latin font (Language="Greek" to langtag "") on input line 120.


Package polyglossia Warning: Asking to add empty feature to latin font(Script="latin" to scripttag "") on input line 147.


Package polyglossia Warning: Asking to add empty feature to latin font (Language="Greek" to langtag "") on input line 147.


Package polyglossia Warning: Asking to add empty feature to latin font(Script="latin" to scripttag "") on input line 159.


Package polyglossia Warning: Asking to add empty feature to latin font (Language="Greek" to langtag "") on input line 159.


Package polyglossia Warning: Asking to add empty feature to latin font(Script="latin" to scripttag "") on input line 171.


Package polyglossia Warning: Asking to add empty feature to latin font (Language="Greek" to langtag "") on input line 171.


Package polyglossia Warning: Asking to add empty feature to latin font(Script="latin" to scripttag "") on input line 184.


Package polyglossia Warning: Asking to add empty feature to latin font (Language="Greek" to langtag "") on input line 184.


Package polyglossia Warning: Asking to add empty feature to latin font(Script="latin" to scripttag "") on input line 196.


Package polyglossia Warning: Asking to add empty feature to latin font (Language="Greek" to langtag "") on input line 196.


Package polyglossia Warning: Asking to add empty feature to latin font(Script="latin" to scripttag "") on input line 200.


Package polyglossia Warning: Asking to add empty feature to latin font (Language="Greek" to langtag "") on input line 200.

[39]

Package polyglossia Warning: Asking to add empty feature to latin font(Script="latin" to scripttag "") on input line 207.


Package polyglossia Warning: Asking to add empty feature to latin font (Language="Greek" to langtag "") on input line 207.

) (./Chapters/Chapter_1/Exercises/ex14.tex

Package polyglossia Warning: Asking to add empty feature to latin font(Script="latin" to scripttag "") on input line 10.


Package polyglossia Warning: Asking to add empty feature to latin font (Language="Greek" to langtag "") on input line 10.

[40]

Package polyglossia Warning: Asking to add empty feature to latin font(Script="latin" to scripttag "") on input line 54.


Package polyglossia Warning: Asking to add empty feature to latin font (Language="Greek" to langtag "") on input line 54.


Package polyglossia Warning: Asking to add empty feature to latin font(Script="latin" to scripttag "") on input line 64.


Package polyglossia Warning: Asking to add empty feature to latin font (Language="Greek" to langtag "") on input line 64.


Package polyglossia Warning: Asking to add empty feature to latin font(Script="latin" to scripttag "") on input line 74.


Package polyglossia Warning: Asking to add empty feature to latin font (Language="Greek" to langtag "") on input line 74.


Package polyglossia Warning: Asking to add empty feature to latin font(Script="latin" to scripttag "") on input line 83.


Package polyglossia Warning: Asking to add empty feature to latin font (Language="Greek" to langtag "") on input line 83.


Package polyglossia Warning: Asking to add empty feature to latin font(Script="latin" to scripttag "") on input line 93.


Package polyglossia Warning: Asking to add empty feature to latin font (Language="Greek" to langtag "") on input line 93.


Package polyglossia Warning: Asking to add empty feature to latin font(Script="latin" to scripttag "") on input line 102.


Package polyglossia Warning: Asking to add empty feature to latin font (Language="Greek" to langtag "") on input line 102.


Package polyglossia Warning: Asking to add empty feature to latin font(Script="latin" to scripttag "") on input line 108.


Package polyglossia Warning: Asking to add empty feature to latin font (Language="Greek" to langtag "") on input line 108.

[41]
File: ./Figures/Chapter1/Exercises/ex14/graph1.pdf Graphic file (type pdf)
<use ./Figures/Chapter1/Exercises/ex14/graph1.pdf>
) (./Chapters/Chapter_1/Exercises/ex15.tex
Missing character: There is no Κ ("39A) in font cmmi10!
[42]

Package polyglossia Warning: Asking to add empty feature to latin font(Script="latin" to scripttag "") on input line 14.


Package polyglossia Warning: Asking to add empty feature to latin font (Language="Greek" to langtag "") on input line 14.


Package polyglossia Warning: Asking to add empty feature to latin font(Script="latin" to scripttag "") on input line 58.


Package polyglossia Warning: Asking to add empty feature to latin font (Language="Greek" to langtag "") on input line 58.


Package polyglossia Warning: Asking to add empty feature to latin font(Script="latin" to scripttag "") on input line 70.


Package polyglossia Warning: Asking to add empty feature to latin font (Language="Greek" to langtag "") on input line 70.

[43]

Package polyglossia Warning: Asking to add empty feature to latin font(Script="latin" to scripttag "") on input line 75.


Package polyglossia Warning: Asking to add empty feature to latin font (Language="Greek" to langtag "") on input line 75.


Package polyglossia Warning: Asking to add empty feature to latin font(Script="latin" to scripttag "") on input line 92.


Package polyglossia Warning: Asking to add empty feature to latin font (Language="Greek" to langtag "") on input line 92.

File: ./Figures/Chapter1/Exercises/ex15/graph1.pdf Graphic file (type pdf)
<use ./Figures/Chapter1/Exercises/ex15/graph1.pdf>
Missing character: There is no Κ ("39A) in font cmmi10!
Missing character: There is no Κ ("39A) in font cmmi10!
) (./Chapters/Chapter_1/Exercises/ex16.tex) (./Chapters/Chapter_1/Exercises/ex17.tex

Package polyglossia Warning: Asking to add empty feature to latin font(Script="latin" to scripttag "") on input line 4.


Package polyglossia Warning: Asking to add empty feature to latin font (Language="Greek" to langtag "") on input line 4.

File: ./Figures/Chapter1/Exercises/ex17/graph1.pdf Graphic file (type pdf)
<use ./Figures/Chapter1/Exercises/ex17/graph1.pdf>
))) [44] (./Chapters/Chapter_2/chapter2.tex [45] [46]
Κεφάλαιο 3.
File: ./Figures/Chapter2/figure1.pdf Graphic file (type pdf)
<use ./Figures/Chapter2/figure1.pdf>

Package polyglossia Warning: Asking to add empty feature to latin font(Script="latin" to scripttag "") on input line 42.


Package polyglossia Warning: Asking to add empty feature to latin font (Language="Greek" to langtag "") on input line 42.

[47

]
File: ./Figures/Chapter2/figure2a.pdf Graphic file (type pdf)
<use ./Figures/Chapter2/figure2a.pdf>
File: ./Figures/Chapter2/figure2b.pdf Graphic file (type pdf)
<use ./Figures/Chapter2/figure2b.pdf>


Package polyglossia Warning: Asking to add empty feature to latin font(Script="latin" to scripttag "") on input line 85.


Package polyglossia Warning: Asking to add empty feature to latin font (Language="Greek" to langtag "") on input line 85.

File: ./Figures/Chapter2/figure3.pdf Graphic file (type pdf)
<use ./Figures/Chapter2/figure3.pdf>
File: ./Figures/Chapter2/axis-rotation.pdf Graphic file (type pdf)
<use ./Figures/Chapter2/axis-rotation.pdf>

LaTeX Warning: `!h' float specifier changed to `!ht'.


Package polyglossia Warning: Asking to add empty feature to latin font(Script="latin" to scripttag "") on input line 109.


Package polyglossia Warning: Asking to add empty feature to latin font (Language="Greek" to langtag "") on input line 109.


Package polyglossia Warning: Asking to add empty feature to latin font(Script="latin" to scripttag "") on input line 111.


Package polyglossia Warning: Asking to add empty feature to latin font (Language="Greek" to langtag "") on input line 111.

[48]
File: ./Figures/Chapter2/figure4a.pdf Graphic file (type pdf)
<use ./Figures/Chapter2/figure4a.pdf>
File: ./Figures/Chapter2/figure4b.pdf Graphic file (type pdf)
<use ./Figures/Chapter2/figure4b.pdf>

Underfull \vbox (badness 6741) has occurred while \output is active []

 [49]
Overfull \hbox (57.71358pt too wide) in paragraph at lines 157--163
[][] 
 []

File: ./Figures/Chapter2/figure5a.pdf Graphic file (type pdf)
<use ./Figures/Chapter2/figure5a.pdf>
File: ./Figures/Chapter2/figure5b.pdf Graphic file (type pdf)
<use ./Figures/Chapter2/figure5b.pdf>

LaTeX Warning: `!h' float specifier changed to `!ht'.

[50]
File: ./Figures/Chapter2/figure6a.pdf Graphic file (type pdf)
<use ./Figures/Chapter2/figure6a.pdf>
File: ./Figures/Chapter2/figure6b.pdf Graphic file (type pdf)
<use ./Figures/Chapter2/figure6b.pdf>
File: ./Figures/Chapter2/figure7.pdf Graphic file (type pdf)
<use ./Figures/Chapter2/figure7.pdf>


LaTeX Warning: `!h' float specifier changed to `!ht'.

[51]
File: ./Figures/Chapter2/figure8.pdf Graphic file (type pdf)
<use ./Figures/Chapter2/figure8.pdf>

Underfull \vbox (badness 4899) has occurred while \output is active []

 [52]
Overfull \hbox (19.47511pt too wide) in paragraph at lines 349--350
[]$ \TU/TimesNewRoman(1)/m/n/10.95 με πίνακες έχουν πάντοτε $[]$
 []


Overfull \hbox (347.43831pt too wide) in paragraph at lines 355--356
[]\TU/TimesNewRoman(1)/m/n/10.95 για τυχαία $\OML/cmm/m/it/10.95 a; b; c; d:$ \TU/TimesNewRoman(1)/m/n/10.95 Εάν τώρα θέλουμε να παραστήσουμε με πίνακες και $[]$ $[]$ 
 []

[53]
File: ./Figures/Chapter2/figure9.pdf Graphic file (type pdf)
<use ./Figures/Chapter2/figure9.pdf>


LaTeX Warning: `!h' float specifier changed to `!ht'.


Package caption Warning: \label without proper reference on input line 418.
See the caption package documentation for explanation.


LaTeX Warning: Reference `fig:9' on page 54 undefined on input line 424.


Overfull \hbox (12.1864pt too wide) in paragraph at lines 426--431
[][] 
 []

[54] [55] (./Chapters/Chapter_2/Examples/eg1.tex
File: ./Figures/Chapter2/figure10.pdf Graphic file (type pdf)
<use ./Figures/Chapter2/figure10.pdf>
File: ./Figures/Chapter2/figure11.pdf Graphic file (type pdf)
<use ./Figures/Chapter2/figure11.pdf>


LaTeX Warning: `!h' float specifier changed to `!ht'.

[56]
File: ./Figures/Chapter2/figure12.pdf Graphic file (type pdf)
<use ./Figures/Chapter2/figure12.pdf>
File: ./Figures/Chapter2/figure13.pdf Graphic file (type pdf)
<use ./Figures/Chapter2/figure13.pdf>


LaTeX Warning: `!h' float specifier changed to `!ht'.


Overfull \hbox (2.57466pt too wide) detected at line 94
\OML/cmm/m/it/10.95 R[] \OT1/cmr/m/n/10.95 = [] \OMS/cmsy/m/n/10.95 ^^A [] ^^A [] \OT1/cmr/m/n/10.95 = []
 []

[57]) (./Chapters/Chapter_2/Examples/eg2.tex [58]) (./Chapters/Chapter_2/Examples/eg3.tex
File: ./Figures/Chapter2/figure14a.pdf Graphic file (type pdf)
<use ./Figures/Chapter2/figure14a.pdf>
File: ./Figures/Chapter2/figure14b.pdf Graphic file (type pdf)
<use ./Figures/Chapter2/figure14b.pdf>
File: ./Figures/Chapter2/figure14c.pdf Graphic file (type pdf)
<use ./Figures/Chapter2/figure14c.pdf>
File: ./Figures/Chapter2/figure14d.pdf Graphic file (type pdf)
<use ./Figures/Chapter2/figure14d.pdf>


LaTeX Warning: `!h' float specifier changed to `!ht'.

File: ./Figures/Chapter2/figure14e.pdf Graphic file (type pdf)
<use ./Figures/Chapter2/figure14e.pdf>
File: ./Figures/Chapter2/figure14f.pdf Graphic file (type pdf)
<use ./Figures/Chapter2/figure14f.pdf>

LaTeX Warning: `!h' float specifier changed to `!ht'.

[59] [60]) (./Chapters/Chapter_2/Examples/eg4.tex
File: ./Figures/Chapter2/figure15a.pdf Graphic file (type pdf)
<use ./Figures/Chapter2/figure15a.pdf>
File: ./Figures/Chapter2/figure15b.pdf Graphic file (type pdf)
<use ./Figures/Chapter2/figure15b.pdf>

Overfull \hbox (80.47717pt too wide) in paragraph at lines 21--26
[][] 
 []

) (./Chapters/Chapter_2/Examples/eg5.tex [61]
File: ./Figures/Chapter2/figure16a.pdf Graphic file (type pdf)
<use ./Figures/Chapter2/figure16a.pdf>
File: ./Figures/Chapter2/figure16b.pdf Graphic file (type pdf)
<use ./Figures/Chapter2/figure16b.pdf>


LaTeX Warning: `!h' float specifier changed to `!ht'.

File: ./Figures/Chapter2/figure16c.pdf Graphic file (type pdf)
<use ./Figures/Chapter2/figure16c.pdf>

LaTeX Warning: `!h' float specifier changed to `!ht'.

File: ./Figures/Chapter2/figure16d.pdf Graphic file (type pdf)
<use ./Figures/Chapter2/figure16d.pdf>

LaTeX Warning: `!h' float specifier changed to `!ht'.

File: ./Figures/Chapter2/figure16e.pdf Graphic file (type pdf)
<use ./Figures/Chapter2/figure16e.pdf>

LaTeX Warning: `!h' float specifier changed to `!ht'.

File: ./Figures/Chapter2/figure16f.pdf Graphic file (type pdf)
<use ./Figures/Chapter2/figure16f.pdf>

LaTeX Warning: `!h' float specifier changed to `!ht'.

[62]
Underfull \vbox (badness 5203) has occurred while \output is active []

 [63]) (./Chapters/Chapter_2/Examples/eg6.tex [64] [65]
File: ./Figures/Chapter2/figure17a.pdf Graphic file (type pdf)
<use ./Figures/Chapter2/figure17a.pdf>
File: ./Figures/Chapter2/figure17b.pdf Graphic file (type pdf)
<use ./Figures/Chapter2/figure17b.pdf>
File: ./Figures/Chapter2/figure17c.pdf Graphic file (type pdf)
<use ./Figures/Chapter2/figure17c.pdf>


LaTeX Warning: `!h' float specifier changed to `!ht'.

) (./Chapters/Chapter_2/chapter2-exercises.tex (./Chapters/Chapter_2/Exercises/ex1.tex
File: ./Figures/Chapter2/figure18a.pdf Graphic file (type pdf)
<use ./Figures/Chapter2/figure18a.pdf>
File: ./Figures/Chapter2/figure18b.pdf Graphic file (type pdf)
<use ./Figures/Chapter2/figure18b.pdf>
File: ./Figures/Chapter2/figure18c.pdf Graphic file (type pdf)
<use ./Figures/Chapter2/figure18c.pdf>


LaTeX Warning: `!h' float specifier changed to `!ht'.

[66])))
The property list \polyglossia@langsetup contains the pairs (without outer
braces):
>  {latex/script}  =>  {latin}
>  {latex/lcscript}  =>  {latin}
>  {latex/scripttag}  =>  {}
>  {latex/language}  =>  {Latex}
>  {latex/langtag}  =>  {ENG}
>  {latex/bcp47}  =>  {en-US}
>  {latex/bcp47-language}  =>  {en}
>  {latex/bcp47-region}  =>  {US}
>  {latex/bcp47-script}  =>  {Latn}
>  {latex/bcp47-variant}  =>  {}
>  {latex/bcp47-extension-t}  =>  {}
>  {latex/bcp47-extension-u}  =>  {}
>  {latex/bcp47-extension-x}  =>  {}
>  {latex/bcp47-casing}  =>  {}
>  {latex/hyphennames}  =>  {english}
>  {latex/direction}  =>  {LR}
>  {latex/hyphenmins}  =>  {2,3}
>  {latex/frenchspacing}  =>  {false}
>  {latex/indentfirst}  =>  {false}
>  {latex/fontsetup}  =>  {true}
>  {latex/envname}  =>  {latex}
>  {latex/babelname}  =>  {latex}
>  {latex/localnumeral}  =>  {polyglossia@C@localnumeral}
>  {latex/Localnumeral}  =>  {polyglossia@C@localnumeral}
>  {latex/DefineCommandsCmd}  =>  {use_none:n}
>  {greek/script}  =>  {latin}
>  {greek/lcscript}  =>  {latin}
>  {greek/scripttag}  =>  {}
>  {greek/language}  =>  {Greek}
>  {greek/langtag}  =>  {}
>  {greek/bcp47}  =>  {el-monoton}
>  {greek/bcp47-language}  =>  {el}
>  {greek/bcp47-region}  =>  {}
>  {greek/bcp47-script}  =>  {}
>  {greek/bcp47-variant}  =>  {monoton}
>  {greek/bcp47-extension-t}  =>  {}
>  {greek/bcp47-extension-u}  =>  {}
>  {greek/bcp47-extension-x}  =>  {}
>  {greek/bcp47-casing}  =>  {}
>  {greek/hyphennames}  =>  {}
>  {greek/direction}  =>  {LR}
>  {greek/hyphenmins}  =>  {2,3}
>  {greek/frenchspacing}  =>  {false}
>  {greek/indentfirst}  =>  {true}
>  {greek/fontsetup}  =>  {false}
>  {greek/envname}  =>  {greek}
>  {greek/babelname}  =>  {greek}
>  {greek/localnumeral}  =>  {polyglossia@C@localnumeral}
>  {greek/Localnumeral}  =>  {polyglossia@C@localnumeral}
>  {greek/DefineCommandsCmd}  =>  {xpg_define_language_commands:e}
>  {english/script}  =>  {latin}
>  {english/lcscript}  =>  {latin}
>  {english/scripttag}  =>  {}
>  {english/language}  =>  {English}
>  {english/langtag}  =>  {ENG}
>  {english/bcp47}  =>  {en-GB}
>  {english/bcp47-language}  =>  {en}
>  {english/bcp47-region}  =>  {GB}
>  {english/bcp47-script}  =>  {Latn}
>  {english/bcp47-variant}  =>  {}
>  {english/bcp47-extension-t}  =>  {}
>  {english/bcp47-extension-u}  =>  {}
>  {english/bcp47-extension-x}  =>  {}
>  {english/bcp47-casing}  =>  {}
>  {english/hyphennames}  =>  {english,american,usenglish,USenglish}
>  {english/direction}  =>  {LR}
>  {english/hyphenmins}  =>  {2,3}
>  {english/frenchspacing}  =>  {false}
>  {english/indentfirst}  =>  {false}
>  {english/fontsetup}  =>  {true}
>  {english/envname}  =>  {english}
>  {english/babelname}  =>  {british}
>  {english/localnumeral}  =>  {polyglossia@C@localnumeral}
>  {english/Localnumeral}  =>  {polyglossia@C@localnumeral}
>  {english/DefineCommandsCmd}  =>  {xpg_define_language_commands:e}.
The property list \__xpg_alias contains the pairs (without outer braces):
>  {latex/target}  =>  {latex}
>  {grc/target}  =>  {greek}
>  {grc/variant}  =>  {ancient}
>  {grc/options}  =>  {variant=ancient}
>  {el-polyton/target}  =>  {greek}
>  {el-polyton/options}  =>  {varant=polytonic}
>  {el-monoton/target}  =>  {greek}
>  {el-monoton/variant}  =>  {monotonic}
>  {el-monoton/options}  =>  {variant=monotonic}
>  {el/target}  =>  {greek}
>  {polutonikogreek/target}  =>  {greek}
>  {polutonikogreek/variant}  =>  {polytonic}
>  {polutonikogreek/options}  =>  {variant=polytonic}
>  {english/target}  =>  {english}
>  {en/target}  =>  {english}
>  {en-AU/target}  =>  {english}
>  {en-AU/variant}  =>  {australian}
>  {en-AU/options}  =>  {variant=australian}
>  {en-CA/target}  =>  {english}
>  {en-CA/variant}  =>  {canadian}
>  {en-CA/options}  =>  {variant=canadian}
>  {en-GB/target}  =>  {english}
>  {en-GB/variant}  =>  {british}
>  {en-GB/options}  =>  {variant=british}
>  {en-NZ/target}  =>  {english}
>  {en-NZ/variant}  =>  {newzealand}
>  {en-NZ/options}  =>  {variant=newzealand}
>  {en-US/target}  =>  {english}
>  {en-US/variant}  =>  {us}
>  {en-US/options}  =>  {variant=us}
>  {american/target}  =>  {english}
>  {american/variant}  =>  {us}
>  {american/options}  =>  {variant=us}
>  {australian/target}  =>  {english}
>  {australian/variant}  =>  {australian}
>  {australian/options}  =>  {variant=australian}
>  {british/target}  =>  {english}
>  {british/variant}  =>  {british}
>  {british/options}  =>  {variant=british}
>  {canadian/target}  =>  {english}
>  {canadian/variant}  =>  {canadian}
>  {canadian/options}  =>  {variant=canadian}
>  {newzealand/target}  =>  {english}
>  {newzealand/variant}  =>  {newzealand}
>  {newzealand/options}  =>  {variant=newzealand}
>  {greek/target}  =>  {greek}.
 [67] (/Users/giannistsagaropoulos/Documents/Work/Μητρούλη/Computer_Graphics_Book/Computer-Graphics-Book/.texpadtmp/Computer-Graphics-Book.aux (/Users/giannistsagaropoulos/Documents/Work/Μητρούλη/Computer_Graphics_Book/Computer-Graphics-Book/.texpadtmp/titlepage.aux) (/Users/giannistsagaropoulos/Documents/Work/Μητρούλη/Computer_Graphics_Book/Computer-Graphics-Book/.texpadtmp/Chapters/Graphics-History/Graphics-History.aux))
 ***********
LaTeX2e <2023-06-01> patch level 1
L3 programming layer <2023-06-16>
 ***********


LaTeX Warning: There were undefined references.


LaTeX Warning: There were multiply-defined labels.

Package rerunfilecheck Info: File `Computer-Graphics-Book.out' has not changed.
(rerunfilecheck)             Checksum: 94BB527C29327401F0624F6812315B83;13015.
 ) 
Here is how much of TeX's memory you used:
 31287 strings out of 476376
 642049 string characters out of 5795789
 2198400 words of memory out of 5000000
 51162 multiletter control sequences out of 15000+600000
 530736 words of font info for 163 fonts, out of 8000000 for 9000
 1348 hyphenation exceptions out of 8191
 94i,12n,154p,881b,2636s stack positions out of 10000i,1000n,20000p,200000b,200000s

Output written on /Users/giannistsagaropoulos/Documents/Work/Μητρούλη/Computer_Graphics_Book/Computer-Graphics-Book/.texpadtmp/Computer-Graphics-Book.pdf (67 pages).
